{"/Users/sahilgarg/Downloads/ClaudeCode/FocusBuddy/src/components/ErrorBoundary.tsx": {"path":"/Users/sahilgarg/Downloads/ClaudeCode/FocusBuddy/src/components/ErrorBoundary.tsx","statementMap":{"0":{"start":{"line":17,"column":4},"end":{"line":17,"column":16}},"1":{"start":{"line":18,"column":4},"end":{"line":18,"column":49}},"2":{"start":{"line":22,"column":4},"end":{"line":22,"column":36}},"3":{"start":{"line":26,"column":4},"end":{"line":28,"column":6}},"4":{"start":{"line":31,"column":16},"end":{"line":33,"column":3}},"5":{"start":{"line":32,"column":4},"end":{"line":32,"column":51}},"6":{"start":{"line":36,"column":4},"end":{"line":70,"column":5}},"7":{"start":{"line":37,"column":6},"end":{"line":39,"column":7}},"8":{"start":{"line":38,"column":8},"end":{"line":38,"column":34}},"9":{"start":{"line":41,"column":6},"end":{"line":69,"column":7}},"10":{"start":{"line":72,"column":4},"end":{"line":72,"column":30}}},"fnMap":{"0":{"name":"(anonymous_0)","decl":{"start":{"line":16,"column":2},"end":{"line":16,"column":3}},"loc":{"start":{"line":16,"column":28},"end":{"line":19,"column":3}},"line":16},"1":{"name":"(anonymous_1)","decl":{"start":{"line":21,"column":2},"end":{"line":21,"column":3}},"loc":{"start":{"line":21,"column":55},"end":{"line":23,"column":3}},"line":21},"2":{"name":"(anonymous_2)","decl":{"start":{"line":25,"column":2},"end":{"line":25,"column":3}},"loc":{"start":{"line":25,"column":56},"end":{"line":29,"column":3}},"line":25},"3":{"name":"(anonymous_3)","decl":{"start":{"line":31,"column":16},"end":{"line":31,"column":17}},"loc":{"start":{"line":31,"column":22},"end":{"line":33,"column":3}},"line":31},"4":{"name":"(anonymous_4)","decl":{"start":{"line":35,"column":2},"end":{"line":35,"column":3}},"loc":{"start":{"line":35,"column":11},"end":{"line":73,"column":3}},"line":35}},"branchMap":{"0":{"loc":{"start":{"line":27,"column":22},"end":{"line":27,"column":59}},"type":"binary-expr","locations":[{"start":{"line":27,"column":22},"end":{"line":27,"column":46}},{"start":{"line":27,"column":50},"end":{"line":27,"column":59}}],"line":27},"1":{"loc":{"start":{"line":36,"column":4},"end":{"line":70,"column":5}},"type":"if","locations":[{"start":{"line":36,"column":4},"end":{"line":70,"column":5}},{"start":{},"end":{}}],"line":36},"2":{"loc":{"start":{"line":37,"column":6},"end":{"line":39,"column":7}},"type":"if","locations":[{"start":{"line":37,"column":6},"end":{"line":39,"column":7}},{"start":{},"end":{}}],"line":37}},"s":{"0":9,"1":9,"2":10,"3":5,"4":9,"5":1,"6":21,"7":10,"8":2,"9":8,"10":11},"f":{"0":9,"1":10,"2":5,"3":1,"4":21},"b":{"0":[5,0],"1":[10,11],"2":[2,8]},"_coverageSchema":"1a1c01bbd47fc00a2c39e90264f33305004495a9","hash":"1b6b79b5012baa4db5b6cb6e4225c077d25781de"}
,"/Users/sahilgarg/Downloads/ClaudeCode/FocusBuddy/src/components/chat/MessageBubble.tsx": {"path":"/Users/sahilgarg/Downloads/ClaudeCode/FocusBuddy/src/components/chat/MessageBubble.tsx","statementMap":{"0":{"start":{"line":14,"column":15},"end":{"line":14,"column":35}},"1":{"start":{"line":15,"column":14},"end":{"line":15,"column":24}},"2":{"start":{"line":16,"column":17},"end":{"line":16,"column":47}},"3":{"start":{"line":17,"column":18},"end":{"line":17,"column":44}},"4":{"start":{"line":18,"column":17},"end":{"line":18,"column":45}},"5":{"start":{"line":20,"column":2},"end":{"line":20,"column":36}},"6":{"start":{"line":20,"column":19},"end":{"line":20,"column":36}},"7":{"start":{"line":21,"column":2},"end":{"line":21,"column":44}},"8":{"start":{"line":21,"column":20},"end":{"line":21,"column":44}},"9":{"start":{"line":22,"column":2},"end":{"line":22,"column":42}},"10":{"start":{"line":22,"column":19},"end":{"line":22,"column":42}},"11":{"start":{"line":24,"column":2},"end":{"line":24,"column":76}},"12":{"start":{"line":28,"column":17},"end":{"line":28,"column":40}},"13":{"start":{"line":30,"column":26},"end":{"line":40,"column":3}},"14":{"start":{"line":31,"column":4},"end":{"line":31,"column":36}},"15":{"start":{"line":31,"column":30},"end":{"line":31,"column":36}},"16":{"start":{"line":32,"column":4},"end":{"line":39,"column":6}},"17":{"start":{"line":37,"column":23},"end":{"line":37,"column":43}},"18":{"start":{"line":42,"column":2},"end":{"line":57,"column":3}}},"fnMap":{"0":{"name":"formatTimestamp","decl":{"start":{"line":13,"column":9},"end":{"line":13,"column":24}},"loc":{"start":{"line":13,"column":53},"end":{"line":25,"column":1}},"line":13},"1":{"name":"MessageBubble","decl":{"start":{"line":27,"column":9},"end":{"line":27,"column":22}},"loc":{"start":{"line":27,"column":66},"end":{"line":58,"column":1}},"line":27},"2":{"name":"(anonymous_2)","decl":{"start":{"line":30,"column":26},"end":{"line":30,"column":27}},"loc":{"start":{"line":30,"column":32},"end":{"line":40,"column":3}},"line":30},"3":{"name":"(anonymous_3)","decl":{"start":{"line":37,"column":17},"end":{"line":37,"column":18}},"loc":{"start":{"line":37,"column":23},"end":{"line":37,"column":43}},"line":37}},"branchMap":{"0":{"loc":{"start":{"line":20,"column":2},"end":{"line":20,"column":36}},"type":"if","locations":[{"start":{"line":20,"column":2},"end":{"line":20,"column":36}},{"start":{},"end":{}}],"line":20},"1":{"loc":{"start":{"line":21,"column":2},"end":{"line":21,"column":44}},"type":"if","locations":[{"start":{"line":21,"column":2},"end":{"line":21,"column":44}},{"start":{},"end":{}}],"line":21},"2":{"loc":{"start":{"line":22,"column":2},"end":{"line":22,"column":42}},"type":"if","locations":[{"start":{"line":22,"column":2},"end":{"line":22,"column":42}},{"start":{},"end":{}}],"line":22},"3":{"loc":{"start":{"line":31,"column":4},"end":{"line":31,"column":36}},"type":"if","locations":[{"start":{"line":31,"column":4},"end":{"line":31,"column":36}},{"start":{},"end":{}}],"line":31},"4":{"loc":{"start":{"line":31,"column":8},"end":{"line":31,"column":28}},"type":"binary-expr","locations":[{"start":{"line":31,"column":8},"end":{"line":31,"column":15}},{"start":{"line":31,"column":19},"end":{"line":31,"column":28}}],"line":31},"5":{"loc":{"start":{"line":43,"column":34},"end":{"line":43,"column":70}},"type":"cond-expr","locations":[{"start":{"line":43,"column":43},"end":{"line":43,"column":54}},{"start":{"line":43,"column":57},"end":{"line":43,"column":70}}],"line":43},"6":{"loc":{"start":{"line":46,"column":56},"end":{"line":46,"column":93}},"type":"cond-expr","locations":[{"start":{"line":46,"column":65},"end":{"line":46,"column":77}},{"start":{"line":46,"column":80},"end":{"line":46,"column":93}}],"line":46},"7":{"loc":{"start":{"line":48,"column":31},"end":{"line":48,"column":55}},"type":"cond-expr","locations":[{"start":{"line":48,"column":40},"end":{"line":48,"column":45}},{"start":{"line":48,"column":48},"end":{"line":48,"column":55}}],"line":48},"8":{"loc":{"start":{"line":49,"column":27},"end":{"line":49,"column":82}},"type":"cond-expr","locations":[{"start":{"line":49,"column":48},"end":{"line":49,"column":70}},{"start":{"line":49,"column":73},"end":{"line":49,"column":82}}],"line":49},"9":{"loc":{"start":{"line":49,"column":27},"end":{"line":49,"column":45}},"type":"binary-expr","locations":[{"start":{"line":49,"column":27},"end":{"line":49,"column":33}},{"start":{"line":49,"column":37},"end":{"line":49,"column":45}}],"line":49},"10":{"loc":{"start":{"line":51,"column":48},"end":{"line":51,"column":87}},"type":"cond-expr","locations":[{"start":{"line":51,"column":57},"end":{"line":51,"column":69}},{"start":{"line":51,"column":72},"end":{"line":51,"column":87}}],"line":51}},"s":{"0":0,"1":0,"2":0,"3":0,"4":0,"5":0,"6":0,"7":0,"8":0,"9":0,"10":0,"11":0,"12":0,"13":0,"14":0,"15":0,"16":0,"17":0,"18":0},"f":{"0":0,"1":0,"2":0,"3":0},"b":{"0":[0,0],"1":[0,0],"2":[0,0],"3":[0,0],"4":[0,0],"5":[0,0],"6":[0,0],"7":[0,0],"8":[0,0],"9":[0,0],"10":[0,0]}}
,"/Users/sahilgarg/Downloads/ClaudeCode/FocusBuddy/src/components/chat/QuickActions.tsx": {"path":"/Users/sahilgarg/Downloads/ClaudeCode/FocusBuddy/src/components/chat/QuickActions.tsx","statementMap":{"0":{"start":{"line":5,"column":22},"end":{"line":11,"column":10}},"1":{"start":{"line":18,"column":17},"end":{"line":18,"column":28}},"2":{"start":{"line":20,"column":23},"end":{"line":26,"column":3}},"3":{"start":{"line":21,"column":4},"end":{"line":24,"column":5}},"4":{"start":{"line":22,"column":6},"end":{"line":22,"column":44}},"5":{"start":{"line":23,"column":6},"end":{"line":23,"column":12}},"6":{"start":{"line":25,"column":4},"end":{"line":25,"column":26}},"7":{"start":{"line":28,"column":2},"end":{"line":53,"column":3}},"8":{"start":{"line":36,"column":8},"end":{"line":50,"column":20}},"9":{"start":{"line":38,"column":25},"end":{"line":38,"column":45}}},"fnMap":{"0":{"name":"QuickActions","decl":{"start":{"line":17,"column":24},"end":{"line":17,"column":36}},"loc":{"start":{"line":17,"column":76},"end":{"line":54,"column":1}},"line":17},"1":{"name":"(anonymous_1)","decl":{"start":{"line":20,"column":23},"end":{"line":20,"column":24}},"loc":{"start":{"line":20,"column":43},"end":{"line":26,"column":3}},"line":20},"2":{"name":"(anonymous_2)","decl":{"start":{"line":35,"column":25},"end":{"line":35,"column":26}},"loc":{"start":{"line":36,"column":8},"end":{"line":50,"column":20}},"line":36},"3":{"name":"(anonymous_3)","decl":{"start":{"line":38,"column":19},"end":{"line":38,"column":20}},"loc":{"start":{"line":38,"column":25},"end":{"line":38,"column":45}},"line":38}},"branchMap":{"0":{"loc":{"start":{"line":21,"column":4},"end":{"line":24,"column":5}},"type":"if","locations":[{"start":{"line":21,"column":4},"end":{"line":24,"column":5}},{"start":{},"end":{}}],"line":21},"1":{"loc":{"start":{"line":40,"column":12},"end":{"line":40,"column":77}},"type":"cond-expr","locations":[{"start":{"line":40,"column":43},"end":{"line":40,"column":58}},{"start":{"line":40,"column":61},"end":{"line":40,"column":77}}],"line":40},"2":{"loc":{"start":{"line":45,"column":14},"end":{"line":45,"column":75}},"type":"cond-expr","locations":[{"start":{"line":45,"column":45},"end":{"line":45,"column":58}},{"start":{"line":45,"column":61},"end":{"line":45,"column":75}}],"line":45}},"s":{"0":0,"1":0,"2":0,"3":0,"4":0,"5":0,"6":0,"7":0,"8":0,"9":0},"f":{"0":0,"1":0,"2":0,"3":0},"b":{"0":[0,0],"1":[0,0],"2":[0,0]}}
,"/Users/sahilgarg/Downloads/ClaudeCode/FocusBuddy/src/components/checkin/EnergySelector.tsx": {"path":"/Users/sahilgarg/Downloads/ClaudeCode/FocusBuddy/src/components/checkin/EnergySelector.tsx","statementMap":{"0":{"start":{"line":14,"column":39},"end":{"line":43,"column":1}},"1":{"start":{"line":51,"column":2},"end":{"line":79,"column":4}},"2":{"start":{"line":54,"column":27},"end":{"line":54,"column":56}},"3":{"start":{"line":55,"column":8},"end":{"line":76,"column":10}},"4":{"start":{"line":58,"column":27},"end":{"line":58,"column":47}}},"fnMap":{"0":{"name":"EnergySelector","decl":{"start":{"line":50,"column":24},"end":{"line":50,"column":38}},"loc":{"start":{"line":50,"column":90},"end":{"line":80,"column":1}},"line":50},"1":{"name":"(anonymous_1)","decl":{"start":{"line":53,"column":26},"end":{"line":53,"column":27}},"loc":{"start":{"line":53,"column":38},"end":{"line":77,"column":7}},"line":53},"2":{"name":"(anonymous_2)","decl":{"start":{"line":58,"column":21},"end":{"line":58,"column":22}},"loc":{"start":{"line":58,"column":27},"end":{"line":58,"column":47}},"line":58}},"branchMap":{"0":{"loc":{"start":{"line":60,"column":14},"end":{"line":60,"column":66}},"type":"cond-expr","locations":[{"start":{"line":60,"column":27},"end":{"line":60,"column":49}},{"start":{"line":60,"column":52},"end":{"line":60,"column":66}}],"line":60},"1":{"loc":{"start":{"line":61,"column":16},"end":{"line":61,"column":89}},"type":"cond-expr","locations":[{"start":{"line":61,"column":29},"end":{"line":61,"column":57}},{"start":{"line":61,"column":60},"end":{"line":61,"column":89}}],"line":61},"2":{"loc":{"start":{"line":62,"column":19},"end":{"line":62,"column":76}},"type":"cond-expr","locations":[{"start":{"line":62,"column":32},"end":{"line":62,"column":64}},{"start":{"line":62,"column":67},"end":{"line":62,"column":76}}],"line":62},"3":{"loc":{"start":{"line":69,"column":16},"end":{"line":69,"column":64}},"type":"cond-expr","locations":[{"start":{"line":69,"column":29},"end":{"line":69,"column":46}},{"start":{"line":69,"column":49},"end":{"line":69,"column":64}}],"line":69}},"s":{"0":0,"1":0,"2":0,"3":0,"4":0},"f":{"0":0,"1":0,"2":0},"b":{"0":[0,0],"1":[0,0],"2":[0,0],"3":[0,0]}}
,"/Users/sahilgarg/Downloads/ClaudeCode/FocusBuddy/src/components/checkin/TaskBreakdown.tsx": {"path":"/Users/sahilgarg/Downloads/ClaudeCode/FocusBuddy/src/components/checkin/TaskBreakdown.tsx","statementMap":{"0":{"start":{"line":19,"column":17},"end":{"line":23,"column":3}},"1":{"start":{"line":25,"column":40},"end":{"line":25,"column":58}},"2":{"start":{"line":27,"column":2},"end":{"line":31,"column":4}},"3":{"start":{"line":35,"column":2},"end":{"line":93,"column":4}},"4":{"start":{"line":38,"column":8},"end":{"line":90,"column":15}},"5":{"start":{"line":48,"column":31},"end":{"line":48,"column":48}},"6":{"start":{"line":82,"column":29},"end":{"line":82,"column":51}}},"fnMap":{"0":{"name":"DifficultyIndicator","decl":{"start":{"line":18,"column":9},"end":{"line":18,"column":28}},"loc":{"start":{"line":18,"column":81},"end":{"line":32,"column":1}},"line":18},"1":{"name":"TaskBreakdown","decl":{"start":{"line":34,"column":24},"end":{"line":34,"column":37}},"loc":{"start":{"line":34,"column":94},"end":{"line":94,"column":1}},"line":34},"2":{"name":"(anonymous_2)","decl":{"start":{"line":37,"column":17},"end":{"line":37,"column":18}},"loc":{"start":{"line":38,"column":8},"end":{"line":90,"column":15}},"line":38},"3":{"name":"(anonymous_3)","decl":{"start":{"line":48,"column":25},"end":{"line":48,"column":26}},"loc":{"start":{"line":48,"column":31},"end":{"line":48,"column":48}},"line":48},"4":{"name":"(anonymous_4)","decl":{"start":{"line":82,"column":23},"end":{"line":82,"column":24}},"loc":{"start":{"line":82,"column":29},"end":{"line":82,"column":51}},"line":82}},"branchMap":{"0":{"loc":{"start":{"line":41,"column":12},"end":{"line":41,"column":99}},"type":"cond-expr","locations":[{"start":{"line":41,"column":28},"end":{"line":41,"column":61}},{"start":{"line":41,"column":64},"end":{"line":41,"column":99}}],"line":41},"1":{"loc":{"start":{"line":50,"column":18},"end":{"line":52,"column":48}},"type":"cond-expr","locations":[{"start":{"line":51,"column":22},"end":{"line":51,"column":55}},{"start":{"line":52,"column":22},"end":{"line":52,"column":48}}],"line":50},"2":{"loc":{"start":{"line":58,"column":17},"end":{"line":60,"column":17}},"type":"binary-expr","locations":[{"start":{"line":58,"column":17},"end":{"line":58,"column":30}},{"start":{"line":59,"column":18},"end":{"line":59,"column":77}}],"line":58},"3":{"loc":{"start":{"line":66,"column":18},"end":{"line":66,"column":67}},"type":"cond-expr","locations":[{"start":{"line":66,"column":34},"end":{"line":66,"column":49}},{"start":{"line":66,"column":52},"end":{"line":66,"column":67}}],"line":66}},"s":{"0":0,"1":0,"2":0,"3":0,"4":0,"5":0,"6":0},"f":{"0":0,"1":0,"2":0,"3":0,"4":0},"b":{"0":[0,0],"1":[0,0],"2":[0,0],"3":[0,0]}}
,"/Users/sahilgarg/Downloads/ClaudeCode/FocusBuddy/src/components/home/ActivityFeed.tsx": {"path":"/Users/sahilgarg/Downloads/ClaudeCode/FocusBuddy/src/components/home/ActivityFeed.tsx","statementMap":{"0":{"start":{"line":19,"column":2},"end":{"line":32,"column":3}},"1":{"start":{"line":21,"column":6},"end":{"line":21,"column":71}},"2":{"start":{"line":23,"column":6},"end":{"line":23,"column":68}},"3":{"start":{"line":25,"column":6},"end":{"line":25,"column":70}},"4":{"start":{"line":27,"column":6},"end":{"line":27,"column":72}},"5":{"start":{"line":29,"column":6},"end":{"line":29,"column":71}},"6":{"start":{"line":31,"column":6},"end":{"line":31,"column":72}},"7":{"start":{"line":36,"column":2},"end":{"line":48,"column":3}},"8":{"start":{"line":37,"column":4},"end":{"line":47,"column":5}},"9":{"start":{"line":50,"column":2},"end":{"line":77,"column":3}},"10":{"start":{"line":55,"column":23},"end":{"line":55,"column":53}},"11":{"start":{"line":56,"column":25},"end":{"line":56,"column":69}},"12":{"start":{"line":58,"column":10},"end":{"line":73,"column":11}}},"fnMap":{"0":{"name":"getActivityIcon","decl":{"start":{"line":18,"column":9},"end":{"line":18,"column":24}},"loc":{"start":{"line":18,"column":90},"end":{"line":33,"column":1}},"line":18},"1":{"name":"ActivityFeed","decl":{"start":{"line":35,"column":9},"end":{"line":35,"column":21}},"loc":{"start":{"line":35,"column":57},"end":{"line":78,"column":1}},"line":35},"2":{"name":"(anonymous_2)","decl":{"start":{"line":54,"column":36},"end":{"line":54,"column":37}},"loc":{"start":{"line":54,"column":57},"end":{"line":74,"column":9}},"line":54}},"branchMap":{"0":{"loc":{"start":{"line":19,"column":2},"end":{"line":32,"column":3}},"type":"switch","locations":[{"start":{"line":20,"column":4},"end":{"line":21,"column":71}},{"start":{"line":22,"column":4},"end":{"line":23,"column":68}},{"start":{"line":24,"column":4},"end":{"line":25,"column":70}},{"start":{"line":26,"column":4},"end":{"line":27,"column":72}},{"start":{"line":28,"column":4},"end":{"line":29,"column":71}},{"start":{"line":30,"column":4},"end":{"line":31,"column":72}}],"line":19},"1":{"loc":{"start":{"line":36,"column":2},"end":{"line":48,"column":3}},"type":"if","locations":[{"start":{"line":36,"column":2},"end":{"line":48,"column":3}},{"start":{},"end":{}}],"line":36},"2":{"loc":{"start":{"line":61,"column":54},"end":{"line":61,"column":94}},"type":"cond-expr","locations":[{"start":{"line":61,"column":64},"end":{"line":61,"column":89}},{"start":{"line":61,"column":92},"end":{"line":61,"column":94}}],"line":61}},"s":{"0":0,"1":0,"2":0,"3":0,"4":0,"5":0,"6":0,"7":0,"8":0,"9":0,"10":0,"11":0,"12":0},"f":{"0":0,"1":0,"2":0},"b":{"0":[0,0,0,0,0,0],"1":[0,0],"2":[0,0]}}
,"/Users/sahilgarg/Downloads/ClaudeCode/FocusBuddy/src/components/home/GoalCard.tsx": {"path":"/Users/sahilgarg/Downloads/ClaudeCode/FocusBuddy/src/components/home/GoalCard.tsx","statementMap":{"0":{"start":{"line":18,"column":25},"end":{"line":18,"column":64}},"1":{"start":{"line":18,"column":45},"end":{"line":18,"column":56}},"2":{"start":{"line":19,"column":21},"end":{"line":19,"column":33}},"3":{"start":{"line":20,"column":19},"end":{"line":20,"column":67}},"4":{"start":{"line":22,"column":2},"end":{"line":68,"column":3}},"5":{"start":{"line":42,"column":8},"end":{"line":65,"column":20}},"6":{"start":{"line":44,"column":25},"end":{"line":44,"column":46}}},"fnMap":{"0":{"name":"GoalCard","decl":{"start":{"line":17,"column":9},"end":{"line":17,"column":17}},"loc":{"start":{"line":17,"column":68},"end":{"line":69,"column":1}},"line":17},"1":{"name":"(anonymous_1)","decl":{"start":{"line":18,"column":38},"end":{"line":18,"column":39}},"loc":{"start":{"line":18,"column":45},"end":{"line":18,"column":56}},"line":18},"2":{"name":"(anonymous_2)","decl":{"start":{"line":41,"column":17},"end":{"line":41,"column":18}},"loc":{"start":{"line":42,"column":8},"end":{"line":65,"column":20}},"line":42},"3":{"name":"(anonymous_3)","decl":{"start":{"line":44,"column":19},"end":{"line":44,"column":20}},"loc":{"start":{"line":44,"column":25},"end":{"line":44,"column":46}},"line":44}},"branchMap":{"0":{"loc":{"start":{"line":20,"column":19},"end":{"line":20,"column":67}},"type":"cond-expr","locations":[{"start":{"line":20,"column":36},"end":{"line":20,"column":63}},{"start":{"line":20,"column":66},"end":{"line":20,"column":67}}],"line":20},"1":{"loc":{"start":{"line":52,"column":14},"end":{"line":52,"column":84}},"type":"cond-expr","locations":[{"start":{"line":52,"column":31},"end":{"line":52,"column":56}},{"start":{"line":52,"column":59},"end":{"line":52,"column":84}}],"line":52},"2":{"loc":{"start":{"line":55,"column":13},"end":{"line":55,"column":86}},"type":"binary-expr","locations":[{"start":{"line":55,"column":13},"end":{"line":55,"column":27}},{"start":{"line":55,"column":31},"end":{"line":55,"column":86}}],"line":55},"3":{"loc":{"start":{"line":59,"column":14},"end":{"line":59,"column":78}},"type":"cond-expr","locations":[{"start":{"line":59,"column":31},"end":{"line":59,"column":64}},{"start":{"line":59,"column":67},"end":{"line":59,"column":78}}],"line":59}},"s":{"0":0,"1":0,"2":0,"3":0,"4":0,"5":0,"6":0},"f":{"0":0,"1":0,"2":0,"3":0},"b":{"0":[0,0],"1":[0,0],"2":[0,0],"3":[0,0]}}
,"/Users/sahilgarg/Downloads/ClaudeCode/FocusBuddy/src/components/home/GreetingHeader.tsx": {"path":"/Users/sahilgarg/Downloads/ClaudeCode/FocusBuddy/src/components/home/GreetingHeader.tsx","statementMap":{"0":{"start":{"line":11,"column":2},"end":{"line":15,"column":4}},"1":{"start":{"line":19,"column":19},"end":{"line":19,"column":32}},"2":{"start":{"line":20,"column":21},"end":{"line":20,"column":33}},"3":{"start":{"line":24,"column":4},"end":{"line":24,"column":98}},"4":{"start":{"line":26,"column":2},"end":{"line":42,"column":3}}},"fnMap":{"0":{"name":"formatDate","decl":{"start":{"line":10,"column":9},"end":{"line":10,"column":19}},"loc":{"start":{"line":10,"column":30},"end":{"line":16,"column":1}},"line":10},"1":{"name":"GreetingHeader","decl":{"start":{"line":18,"column":9},"end":{"line":18,"column":23}},"loc":{"start":{"line":18,"column":63},"end":{"line":43,"column":1}},"line":18}},"branchMap":{"0":{"loc":{"start":{"line":24,"column":4},"end":{"line":24,"column":98}},"type":"cond-expr","locations":[{"start":{"line":24,"column":19},"end":{"line":24,"column":39}},{"start":{"line":24,"column":42},"end":{"line":24,"column":98}}],"line":24},"1":{"loc":{"start":{"line":24,"column":58},"end":{"line":24,"column":81}},"type":"cond-expr","locations":[{"start":{"line":24,"column":73},"end":{"line":24,"column":75}},{"start":{"line":24,"column":78},"end":{"line":24,"column":81}}],"line":24},"2":{"loc":{"start":{"line":33,"column":7},"end":{"line":40,"column":7}},"type":"binary-expr","locations":[{"start":{"line":33,"column":7},"end":{"line":33,"column":17}},{"start":{"line":34,"column":8},"end":{"line":39,"column":15}}],"line":33}},"s":{"0":0,"1":0,"2":0,"3":0,"4":0},"f":{"0":0,"1":0},"b":{"0":[0,0],"1":[0,0],"2":[0,0]}}
,"/Users/sahilgarg/Downloads/ClaudeCode/FocusBuddy/src/components/home/QuickActions.tsx": {"path":"/Users/sahilgarg/Downloads/ClaudeCode/FocusBuddy/src/components/home/QuickActions.tsx","statementMap":{"0":{"start":{"line":27,"column":32},"end":{"line":56,"column":3}},"1":{"start":{"line":58,"column":2},"end":{"line":66,"column":3}},"2":{"start":{"line":59,"column":4},"end":{"line":65,"column":6}},"3":{"start":{"line":68,"column":2},"end":{"line":90,"column":3}},"4":{"start":{"line":73,"column":10},"end":{"line":86,"column":22}}},"fnMap":{"0":{"name":"QuickActions","decl":{"start":{"line":20,"column":9},"end":{"line":20,"column":21}},"loc":{"start":{"line":26,"column":22},"end":{"line":91,"column":1}},"line":26},"1":{"name":"(anonymous_1)","decl":{"start":{"line":72,"column":21},"end":{"line":72,"column":22}},"loc":{"start":{"line":73,"column":10},"end":{"line":86,"column":22}},"line":73}},"branchMap":{"0":{"loc":{"start":{"line":58,"column":2},"end":{"line":66,"column":3}},"type":"if","locations":[{"start":{"line":58,"column":2},"end":{"line":66,"column":3}},{"start":{},"end":{}}],"line":58}},"s":{"0":0,"1":0,"2":0,"3":0,"4":0},"f":{"0":0,"1":0},"b":{"0":[0,0]}}
,"/Users/sahilgarg/Downloads/ClaudeCode/FocusBuddy/src/components/home/StatCards.tsx": {"path":"/Users/sahilgarg/Downloads/ClaudeCode/FocusBuddy/src/components/home/StatCards.tsx","statementMap":{"0":{"start":{"line":10,"column":2},"end":{"line":30,"column":3}}},"fnMap":{"0":{"name":"StatCards","decl":{"start":{"line":9,"column":9},"end":{"line":9,"column":18}},"loc":{"start":{"line":9,"column":61},"end":{"line":31,"column":1}},"line":9}},"branchMap":{},"s":{"0":0},"f":{"0":0},"b":{}}
,"/Users/sahilgarg/Downloads/ClaudeCode/FocusBuddy/src/components/home/TrustScoreWidget.tsx": {"path":"/Users/sahilgarg/Downloads/ClaudeCode/FocusBuddy/src/components/home/TrustScoreWidget.tsx","statementMap":{"0":{"start":{"line":9,"column":2},"end":{"line":9,"column":34}},"1":{"start":{"line":9,"column":19},"end":{"line":9,"column":34}},"2":{"start":{"line":10,"column":2},"end":{"line":10,"column":36}},"3":{"start":{"line":10,"column":19},"end":{"line":10,"column":36}},"4":{"start":{"line":11,"column":2},"end":{"line":11,"column":35}},"5":{"start":{"line":11,"column":19},"end":{"line":11,"column":35}},"6":{"start":{"line":12,"column":2},"end":{"line":12,"column":19}},"7":{"start":{"line":16,"column":2},"end":{"line":16,"column":39}},"8":{"start":{"line":16,"column":19},"end":{"line":16,"column":39}},"9":{"start":{"line":17,"column":2},"end":{"line":17,"column":40}},"10":{"start":{"line":17,"column":19},"end":{"line":17,"column":40}},"11":{"start":{"line":18,"column":2},"end":{"line":18,"column":40}},"12":{"start":{"line":18,"column":19},"end":{"line":18,"column":40}},"13":{"start":{"line":19,"column":2},"end":{"line":19,"column":29}},"14":{"start":{"line":23,"column":16},"end":{"line":23,"column":36}},"15":{"start":{"line":24,"column":21},"end":{"line":24,"column":41}},"16":{"start":{"line":26,"column":2},"end":{"line":35,"column":3}}},"fnMap":{"0":{"name":"getScoreLabel","decl":{"start":{"line":8,"column":9},"end":{"line":8,"column":22}},"loc":{"start":{"line":8,"column":46},"end":{"line":13,"column":1}},"line":8},"1":{"name":"getScoreColor","decl":{"start":{"line":15,"column":9},"end":{"line":15,"column":22}},"loc":{"start":{"line":15,"column":46},"end":{"line":20,"column":1}},"line":15},"2":{"name":"TrustScoreWidget","decl":{"start":{"line":22,"column":9},"end":{"line":22,"column":25}},"loc":{"start":{"line":22,"column":60},"end":{"line":36,"column":1}},"line":22}},"branchMap":{"0":{"loc":{"start":{"line":9,"column":2},"end":{"line":9,"column":34}},"type":"if","locations":[{"start":{"line":9,"column":2},"end":{"line":9,"column":34}},{"start":{},"end":{}}],"line":9},"1":{"loc":{"start":{"line":10,"column":2},"end":{"line":10,"column":36}},"type":"if","locations":[{"start":{"line":10,"column":2},"end":{"line":10,"column":36}},{"start":{},"end":{}}],"line":10},"2":{"loc":{"start":{"line":11,"column":2},"end":{"line":11,"column":35}},"type":"if","locations":[{"start":{"line":11,"column":2},"end":{"line":11,"column":35}},{"start":{},"end":{}}],"line":11},"3":{"loc":{"start":{"line":16,"column":2},"end":{"line":16,"column":39}},"type":"if","locations":[{"start":{"line":16,"column":2},"end":{"line":16,"column":39}},{"start":{},"end":{}}],"line":16},"4":{"loc":{"start":{"line":17,"column":2},"end":{"line":17,"column":40}},"type":"if","locations":[{"start":{"line":17,"column":2},"end":{"line":17,"column":40}},{"start":{},"end":{}}],"line":17},"5":{"loc":{"start":{"line":18,"column":2},"end":{"line":18,"column":40}},"type":"if","locations":[{"start":{"line":18,"column":2},"end":{"line":18,"column":40}},{"start":{},"end":{}}],"line":18}},"s":{"0":0,"1":0,"2":0,"3":0,"4":0,"5":0,"6":0,"7":0,"8":0,"9":0,"10":0,"11":0,"12":0,"13":0,"14":0,"15":0,"16":0},"f":{"0":0,"1":0,"2":0},"b":{"0":[0,0],"1":[0,0],"2":[0,0],"3":[0,0],"4":[0,0],"5":[0,0]}}
,"/Users/sahilgarg/Downloads/ClaudeCode/FocusBuddy/src/components/shared/TypingIndicator.tsx": {"path":"/Users/sahilgarg/Downloads/ClaudeCode/FocusBuddy/src/components/shared/TypingIndicator.tsx","statementMap":{"0":{"start":{"line":5,"column":15},"end":{"line":5,"column":52}},"1":{"start":{"line":6,"column":15},"end":{"line":6,"column":52}},"2":{"start":{"line":7,"column":15},"end":{"line":7,"column":52}},"3":{"start":{"line":9,"column":2},"end":{"line":44,"column":24}},"4":{"start":{"line":10,"column":24},"end":{"line":25,"column":7}},"5":{"start":{"line":11,"column":6},"end":{"line":25,"column":7}},"6":{"start":{"line":27,"column":18},"end":{"line":27,"column":38}},"7":{"start":{"line":28,"column":18},"end":{"line":28,"column":40}},"8":{"start":{"line":29,"column":18},"end":{"line":29,"column":40}},"9":{"start":{"line":31,"column":4},"end":{"line":31,"column":17}},"10":{"start":{"line":32,"column":4},"end":{"line":32,"column":17}},"11":{"start":{"line":33,"column":4},"end":{"line":33,"column":17}},"12":{"start":{"line":35,"column":4},"end":{"line":43,"column":5}},"13":{"start":{"line":36,"column":6},"end":{"line":36,"column":18}},"14":{"start":{"line":37,"column":6},"end":{"line":37,"column":18}},"15":{"start":{"line":38,"column":6},"end":{"line":38,"column":18}},"16":{"start":{"line":40,"column":6},"end":{"line":40,"column":22}},"17":{"start":{"line":41,"column":6},"end":{"line":41,"column":22}},"18":{"start":{"line":42,"column":6},"end":{"line":42,"column":22}},"19":{"start":{"line":46,"column":19},"end":{"line":64,"column":4}},"20":{"start":{"line":46,"column":51},"end":{"line":64,"column":3}},"21":{"start":{"line":66,"column":2},"end":{"line":72,"column":3}}},"fnMap":{"0":{"name":"TypingIndicator","decl":{"start":{"line":4,"column":24},"end":{"line":4,"column":39}},"loc":{"start":{"line":4,"column":42},"end":{"line":73,"column":1}},"line":4},"1":{"name":"(anonymous_1)","decl":{"start":{"line":9,"column":12},"end":{"line":9,"column":13}},"loc":{"start":{"line":9,"column":18},"end":{"line":44,"column":3}},"line":9},"2":{"name":"(anonymous_2)","decl":{"start":{"line":10,"column":24},"end":{"line":10,"column":25}},"loc":{"start":{"line":11,"column":6},"end":{"line":25,"column":7}},"line":11},"3":{"name":"(anonymous_3)","decl":{"start":{"line":35,"column":11},"end":{"line":35,"column":12}},"loc":{"start":{"line":35,"column":17},"end":{"line":43,"column":5}},"line":35},"4":{"name":"(anonymous_4)","decl":{"start":{"line":46,"column":19},"end":{"line":46,"column":20}},"loc":{"start":{"line":46,"column":51},"end":{"line":64,"column":3}},"line":46}},"branchMap":{},"s":{"0":0,"1":0,"2":0,"3":0,"4":0,"5":0,"6":0,"7":0,"8":0,"9":0,"10":0,"11":0,"12":0,"13":0,"14":0,"15":0,"16":0,"17":0,"18":0,"19":0,"20":0,"21":0},"f":{"0":0,"1":0,"2":0,"3":0,"4":0},"b":{}}
,"/Users/sahilgarg/Downloads/ClaudeCode/FocusBuddy/src/components/timer/TimerControls.tsx": {"path":"/Users/sahilgarg/Downloads/ClaudeCode/FocusBuddy/src/components/timer/TimerControls.tsx","statementMap":{"0":{"start":{"line":12,"column":2},"end":{"line":59,"column":3}},"1":{"start":{"line":20,"column":32},"end":{"line":20,"column":96}},"2":{"start":{"line":52,"column":32},"end":{"line":52,"column":65}}},"fnMap":{"0":{"name":"TimerControls","decl":{"start":{"line":11,"column":24},"end":{"line":11,"column":37}},"loc":{"start":{"line":11,"column":98},"end":{"line":60,"column":1}},"line":11},"1":{"name":"(anonymous_1)","decl":{"start":{"line":20,"column":15},"end":{"line":20,"column":16}},"loc":{"start":{"line":20,"column":32},"end":{"line":20,"column":96}},"line":20},"2":{"name":"(anonymous_2)","decl":{"start":{"line":52,"column":15},"end":{"line":52,"column":16}},"loc":{"start":{"line":52,"column":32},"end":{"line":52,"column":65}},"line":52}},"branchMap":{"0":{"loc":{"start":{"line":16,"column":17},"end":{"line":16,"column":46}},"type":"cond-expr","locations":[{"start":{"line":16,"column":28},"end":{"line":16,"column":36}},{"start":{"line":16,"column":39},"end":{"line":16,"column":46}}],"line":16},"1":{"loc":{"start":{"line":18,"column":10},"end":{"line":18,"column":54}},"type":"cond-expr","locations":[{"start":{"line":18,"column":21},"end":{"line":18,"column":36}},{"start":{"line":18,"column":39},"end":{"line":18,"column":54}}],"line":18},"2":{"loc":{"start":{"line":20,"column":33},"end":{"line":20,"column":95}},"type":"cond-expr","locations":[{"start":{"line":20,"column":43},"end":{"line":20,"column":90}},{"start":{"line":20,"column":93},"end":{"line":20,"column":95}}],"line":20},"3":{"loc":{"start":{"line":22,"column":28},"end":{"line":22,"column":69}},"type":"cond-expr","locations":[{"start":{"line":22,"column":39},"end":{"line":22,"column":53}},{"start":{"line":22,"column":56},"end":{"line":22,"column":69}}],"line":22},"4":{"loc":{"start":{"line":24,"column":9},"end":{"line":45,"column":9}},"type":"cond-expr","locations":[{"start":{"line":26,"column":10},"end":{"line":38,"column":12}},{"start":{"line":41,"column":10},"end":{"line":44,"column":17}}],"line":24},"5":{"loc":{"start":{"line":52,"column":33},"end":{"line":52,"column":64}},"type":"cond-expr","locations":[{"start":{"line":52,"column":43},"end":{"line":52,"column":59}},{"start":{"line":52,"column":62},"end":{"line":52,"column":64}}],"line":52}},"s":{"0":0,"1":0,"2":0},"f":{"0":0,"1":0,"2":0},"b":{"0":[0,0],"1":[0,0],"2":[0,0],"3":[0,0],"4":[0,0],"5":[0,0]}}
,"/Users/sahilgarg/Downloads/ClaudeCode/FocusBuddy/src/components/timer/TimerDisplay.tsx": {"path":"/Users/sahilgarg/Downloads/ClaudeCode/FocusBuddy/src/components/timer/TimerDisplay.tsx","statementMap":{"0":{"start":{"line":12,"column":15},"end":{"line":12,"column":54}},"1":{"start":{"line":13,"column":2},"end":{"line":19,"column":3}},"2":{"start":{"line":14,"column":18},"end":{"line":14,"column":39}},"3":{"start":{"line":15,"column":17},"end":{"line":15,"column":26}},"4":{"start":{"line":16,"column":15},"end":{"line":16,"column":45}},"5":{"start":{"line":17,"column":15},"end":{"line":17,"column":44}},"6":{"start":{"line":18,"column":4},"end":{"line":18,"column":27}},"7":{"start":{"line":21,"column":2},"end":{"line":21,"column":46}},"8":{"start":{"line":29,"column":2},"end":{"line":43,"column":3}}},"fnMap":{"0":{"name":"formatPlannedTime","decl":{"start":{"line":11,"column":9},"end":{"line":11,"column":26}},"loc":{"start":{"line":11,"column":59},"end":{"line":22,"column":1}},"line":11},"1":{"name":"TimerDisplay","decl":{"start":{"line":24,"column":24},"end":{"line":24,"column":36}},"loc":{"start":{"line":28,"column":22},"end":{"line":44,"column":1}},"line":28}},"branchMap":{"0":{"loc":{"start":{"line":13,"column":2},"end":{"line":19,"column":3}},"type":"if","locations":[{"start":{"line":13,"column":2},"end":{"line":19,"column":3}},{"start":{},"end":{}}],"line":13},"1":{"loc":{"start":{"line":33,"column":10},"end":{"line":33,"column":58}},"type":"cond-expr","locations":[{"start":{"line":33,"column":21},"end":{"line":33,"column":38}},{"start":{"line":33,"column":41},"end":{"line":33,"column":58}}],"line":33},"2":{"loc":{"start":{"line":41,"column":7},"end":{"line":41,"column":93}},"type":"binary-expr","locations":[{"start":{"line":41,"column":7},"end":{"line":41,"column":15}},{"start":{"line":41,"column":19},"end":{"line":41,"column":93}}],"line":41}},"s":{"0":0,"1":0,"2":0,"3":0,"4":0,"5":0,"6":0,"7":0,"8":0},"f":{"0":0,"1":0},"b":{"0":[0,0],"1":[0,0],"2":[0,0]}}
,"/Users/sahilgarg/Downloads/ClaudeCode/FocusBuddy/src/components/ui/Avatar.tsx": {"path":"/Users/sahilgarg/Downloads/ClaudeCode/FocusBuddy/src/components/ui/Avatar.tsx","statementMap":{"0":{"start":{"line":12,"column":92},"end":{"line":16,"column":1}},"1":{"start":{"line":19,"column":2},"end":{"line":19,"column":30}},"2":{"start":{"line":19,"column":20},"end":{"line":19,"column":30}},"3":{"start":{"line":20,"column":16},"end":{"line":20,"column":40}},"4":{"start":{"line":21,"column":2},"end":{"line":21,"column":65}},"5":{"start":{"line":21,"column":26},"end":{"line":21,"column":65}},"6":{"start":{"line":22,"column":2},"end":{"line":22,"column":79}},"7":{"start":{"line":26,"column":17},"end":{"line":26,"column":33}},"8":{"start":{"line":27,"column":19},"end":{"line":27,"column":36}},"9":{"start":{"line":28,"column":38},"end":{"line":28,"column":53}},"10":{"start":{"line":30,"column":2},"end":{"line":41,"column":3}},"11":{"start":{"line":31,"column":4},"end":{"line":40,"column":5}},"12":{"start":{"line":38,"column":23},"end":{"line":38,"column":42}},"13":{"start":{"line":43,"column":2},"end":{"line":51,"column":3}}},"fnMap":{"0":{"name":"getInitials","decl":{"start":{"line":18,"column":9},"end":{"line":18,"column":20}},"loc":{"start":{"line":18,"column":43},"end":{"line":23,"column":1}},"line":18},"1":{"name":"Avatar","decl":{"start":{"line":25,"column":16},"end":{"line":25,"column":22}},"loc":{"start":{"line":25,"column":69},"end":{"line":52,"column":1}},"line":25},"2":{"name":"(anonymous_2)","decl":{"start":{"line":38,"column":17},"end":{"line":38,"column":18}},"loc":{"start":{"line":38,"column":23},"end":{"line":38,"column":42}},"line":38}},"branchMap":{"0":{"loc":{"start":{"line":19,"column":2},"end":{"line":19,"column":30}},"type":"if","locations":[{"start":{"line":19,"column":2},"end":{"line":19,"column":30}},{"start":{},"end":{}}],"line":19},"1":{"loc":{"start":{"line":21,"column":2},"end":{"line":21,"column":65}},"type":"if","locations":[{"start":{"line":21,"column":2},"end":{"line":21,"column":65}},{"start":{},"end":{}}],"line":21},"2":{"loc":{"start":{"line":25,"column":41},"end":{"line":25,"column":52}},"type":"default-arg","locations":[{"start":{"line":25,"column":48},"end":{"line":25,"column":52}}],"line":25},"3":{"loc":{"start":{"line":30,"column":2},"end":{"line":41,"column":3}},"type":"if","locations":[{"start":{"line":30,"column":2},"end":{"line":41,"column":3}},{"start":{},"end":{}}],"line":30},"4":{"loc":{"start":{"line":30,"column":6},"end":{"line":30,"column":29}},"type":"binary-expr","locations":[{"start":{"line":30,"column":6},"end":{"line":30,"column":14}},{"start":{"line":30,"column":18},"end":{"line":30,"column":29}}],"line":30}},"s":{"0":0,"1":0,"2":0,"3":0,"4":0,"5":0,"6":0,"7":0,"8":0,"9":0,"10":0,"11":0,"12":0,"13":0},"f":{"0":0,"1":0,"2":0},"b":{"0":[0,0],"1":[0,0],"2":[0],"3":[0,0],"4":[0,0]}}
,"/Users/sahilgarg/Downloads/ClaudeCode/FocusBuddy/src/components/ui/Badge.tsx": {"path":"/Users/sahilgarg/Downloads/ClaudeCode/FocusBuddy/src/components/ui/Badge.tsx","statementMap":{"0":{"start":{"line":11,"column":81},"end":{"line":32,"column":1}},"1":{"start":{"line":35,"column":16},"end":{"line":35,"column":38}},"2":{"start":{"line":37,"column":2},"end":{"line":45,"column":4}}},"fnMap":{"0":{"name":"Badge","decl":{"start":{"line":34,"column":16},"end":{"line":34,"column":21}},"loc":{"start":{"line":34,"column":65},"end":{"line":46,"column":1}},"line":34}},"branchMap":{"0":{"loc":{"start":{"line":34,"column":30},"end":{"line":34,"column":49}},"type":"default-arg","locations":[{"start":{"line":34,"column":40},"end":{"line":34,"column":49}}],"line":34}},"s":{"0":0,"1":0,"2":0},"f":{"0":0},"b":{"0":[0]}}
,"/Users/sahilgarg/Downloads/ClaudeCode/FocusBuddy/src/components/ui/BottomSheet.tsx": {"path":"/Users/sahilgarg/Downloads/ClaudeCode/FocusBuddy/src/components/ui/BottomSheet.tsx","statementMap":{"0":{"start":{"line":24,"column":2},"end":{"line":63,"column":4}}},"fnMap":{"0":{"name":"BottomSheet","decl":{"start":{"line":18,"column":16},"end":{"line":18,"column":27}},"loc":{"start":{"line":23,"column":21},"end":{"line":64,"column":1}},"line":23}},"branchMap":{"0":{"loc":{"start":{"line":40,"column":18},"end":{"line":40,"column":63}},"type":"cond-expr","locations":[{"start":{"line":40,"column":42},"end":{"line":40,"column":51}},{"start":{"line":40,"column":54},"end":{"line":40,"column":63}}],"line":40},"1":{"loc":{"start":{"line":50,"column":11},"end":{"line":57,"column":11}},"type":"binary-expr","locations":[{"start":{"line":50,"column":11},"end":{"line":50,"column":16}},{"start":{"line":51,"column":12},"end":{"line":56,"column":19}}],"line":50}},"s":{"0":0},"f":{"0":0},"b":{"0":[0,0],"1":[0,0]}}
,"/Users/sahilgarg/Downloads/ClaudeCode/FocusBuddy/src/components/ui/Button.tsx": {"path":"/Users/sahilgarg/Downloads/ClaudeCode/FocusBuddy/src/components/ui/Button.tsx","statementMap":{"0":{"start":{"line":27,"column":4},"end":{"line":53,"column":1}},"1":{"start":{"line":55,"column":76},"end":{"line":68,"column":1}},"2":{"start":{"line":70,"column":22},"end":{"line":127,"column":1}},"3":{"start":{"line":85,"column":25},"end":{"line":85,"column":47}},"4":{"start":{"line":86,"column":22},"end":{"line":86,"column":38}},"5":{"start":{"line":88,"column":4},"end":{"line":125,"column":6}},"6":{"start":{"line":103,"column":32},"end":{"line":105,"column":9}},"7":{"start":{"line":129,"column":0},"end":{"line":129,"column":30}}},"fnMap":{"0":{"name":"(anonymous_0)","decl":{"start":{"line":71,"column":2},"end":{"line":71,"column":3}},"loc":{"start":{"line":84,"column":7},"end":{"line":126,"column":3}},"line":84},"1":{"name":"(anonymous_1)","decl":{"start":{"line":103,"column":15},"end":{"line":103,"column":16}},"loc":{"start":{"line":103,"column":32},"end":{"line":105,"column":9}},"line":103}},"branchMap":{"0":{"loc":{"start":{"line":75,"column":6},"end":{"line":75,"column":25}},"type":"default-arg","locations":[{"start":{"line":75,"column":16},"end":{"line":75,"column":25}}],"line":75},"1":{"loc":{"start":{"line":76,"column":6},"end":{"line":76,"column":17}},"type":"default-arg","locations":[{"start":{"line":76,"column":13},"end":{"line":76,"column":17}}],"line":76},"2":{"loc":{"start":{"line":77,"column":6},"end":{"line":77,"column":22}},"type":"default-arg","locations":[{"start":{"line":77,"column":17},"end":{"line":77,"column":22}}],"line":77},"3":{"loc":{"start":{"line":78,"column":6},"end":{"line":78,"column":21}},"type":"default-arg","locations":[{"start":{"line":78,"column":16},"end":{"line":78,"column":21}}],"line":78},"4":{"loc":{"start":{"line":80,"column":6},"end":{"line":80,"column":23}},"type":"default-arg","locations":[{"start":{"line":80,"column":18},"end":{"line":80,"column":23}}],"line":80},"5":{"loc":{"start":{"line":92,"column":18},"end":{"line":92,"column":37}},"type":"binary-expr","locations":[{"start":{"line":92,"column":18},"end":{"line":92,"column":26}},{"start":{"line":92,"column":30},"end":{"line":92,"column":37}}],"line":92},"6":{"loc":{"start":{"line":95,"column":40},"end":{"line":95,"column":59}},"type":"binary-expr","locations":[{"start":{"line":95,"column":40},"end":{"line":95,"column":48}},{"start":{"line":95,"column":52},"end":{"line":95,"column":59}}],"line":95},"7":{"loc":{"start":{"line":100,"column":12},"end":{"line":100,"column":47}},"type":"cond-expr","locations":[{"start":{"line":100,"column":24},"end":{"line":100,"column":32}},{"start":{"line":100,"column":35},"end":{"line":100,"column":47}}],"line":100},"8":{"loc":{"start":{"line":101,"column":12},"end":{"line":101,"column":40}},"type":"cond-expr","locations":[{"start":{"line":101,"column":23},"end":{"line":101,"column":35}},{"start":{"line":101,"column":38},"end":{"line":101,"column":40}}],"line":101},"9":{"loc":{"start":{"line":104,"column":10},"end":{"line":104,"column":66}},"type":"cond-expr","locations":[{"start":{"line":104,"column":45},"end":{"line":104,"column":61}},{"start":{"line":104,"column":64},"end":{"line":104,"column":66}}],"line":104},"10":{"loc":{"start":{"line":104,"column":10},"end":{"line":104,"column":42}},"type":"binary-expr","locations":[{"start":{"line":104,"column":10},"end":{"line":104,"column":17}},{"start":{"line":104,"column":21},"end":{"line":104,"column":30}},{"start":{"line":104,"column":34},"end":{"line":104,"column":42}}],"line":104},"11":{"loc":{"start":{"line":108,"column":9},"end":{"line":123,"column":9}},"type":"cond-expr","locations":[{"start":{"line":109,"column":10},"end":{"line":113,"column":12}},{"start":{"line":115,"column":10},"end":{"line":122,"column":13}}],"line":108},"12":{"loc":{"start":{"line":111,"column":19},"end":{"line":111,"column":89}},"type":"cond-expr","locations":[{"start":{"line":111,"column":68},"end":{"line":111,"column":77}},{"start":{"line":111,"column":80},"end":{"line":111,"column":89}}],"line":111},"13":{"loc":{"start":{"line":111,"column":19},"end":{"line":111,"column":65}},"type":"binary-expr","locations":[{"start":{"line":111,"column":19},"end":{"line":111,"column":42}},{"start":{"line":111,"column":46},"end":{"line":111,"column":65}}],"line":111},"14":{"loc":{"start":{"line":116,"column":13},"end":{"line":116,"column":57}},"type":"binary-expr","locations":[{"start":{"line":116,"column":13},"end":{"line":116,"column":17}},{"start":{"line":116,"column":21},"end":{"line":116,"column":57}}],"line":116}},"s":{"0":1,"1":1,"2":1,"3":17,"4":17,"5":17,"6":17,"7":1},"f":{"0":17,"1":17},"b":{"0":[13],"1":[17],"2":[15],"3":[13],"4":[17],"5":[17,15],"6":[17,15],"7":[0,17],"8":[2,15],"9":[0,17],"10":[17,0,0],"11":[4,13],"12":[0,4],"13":[4,4],"14":[13,1]},"_coverageSchema":"1a1c01bbd47fc00a2c39e90264f33305004495a9","hash":"6fa6b851be440877027732d748b1346a0011badd"}
,"/Users/sahilgarg/Downloads/ClaudeCode/FocusBuddy/src/components/ui/Card.tsx": {"path":"/Users/sahilgarg/Downloads/ClaudeCode/FocusBuddy/src/components/ui/Card.tsx","statementMap":{"0":{"start":{"line":13,"column":51},"end":{"line":17,"column":1}},"1":{"start":{"line":19,"column":20},"end":{"line":58,"column":1}},"2":{"start":{"line":22,"column":6},"end":{"line":29,"column":9}},"3":{"start":{"line":32,"column":4},"end":{"line":46,"column":5}},"4":{"start":{"line":33,"column":6},"end":{"line":45,"column":8}},"5":{"start":{"line":40,"column":34},"end":{"line":40,"column":67}},"6":{"start":{"line":48,"column":4},"end":{"line":56,"column":6}},"7":{"start":{"line":60,"column":0},"end":{"line":60,"column":26}}},"fnMap":{"0":{"name":"(anonymous_0)","decl":{"start":{"line":20,"column":2},"end":{"line":20,"column":3}},"loc":{"start":{"line":20,"column":77},"end":{"line":57,"column":3}},"line":20},"1":{"name":"(anonymous_1)","decl":{"start":{"line":40,"column":17},"end":{"line":40,"column":18}},"loc":{"start":{"line":40,"column":34},"end":{"line":40,"column":67}},"line":40}},"branchMap":{"0":{"loc":{"start":{"line":20,"column":5},"end":{"line":20,"column":24}},"type":"default-arg","locations":[{"start":{"line":20,"column":15},"end":{"line":20,"column":24}}],"line":20},"1":{"loc":{"start":{"line":23,"column":9},"end":{"line":27,"column":9}},"type":"binary-expr","locations":[{"start":{"line":23,"column":9},"end":{"line":23,"column":15}},{"start":{"line":24,"column":10},"end":{"line":26,"column":17}}],"line":23},"2":{"loc":{"start":{"line":32,"column":4},"end":{"line":46,"column":5}},"type":"if","locations":[{"start":{"line":32,"column":4},"end":{"line":46,"column":5}},{"start":{},"end":{}}],"line":32},"3":{"loc":{"start":{"line":38,"column":30},"end":{"line":38,"column":46}},"type":"binary-expr","locations":[{"start":{"line":38,"column":30},"end":{"line":38,"column":36}},{"start":{"line":38,"column":40},"end":{"line":38,"column":46}}],"line":38},"4":{"loc":{"start":{"line":40,"column":35},"end":{"line":40,"column":66}},"type":"cond-expr","locations":[{"start":{"line":40,"column":45},"end":{"line":40,"column":61}},{"start":{"line":40,"column":64},"end":{"line":40,"column":66}}],"line":40}},"s":{"0":1,"1":1,"2":12,"3":12,"4":4,"5":4,"6":8,"7":1},"f":{"0":12,"1":4},"b":{"0":[10],"1":[12,3],"2":[4,8],"3":[4,3],"4":[0,4]},"_coverageSchema":"1a1c01bbd47fc00a2c39e90264f33305004495a9","hash":"18998d5d5426d2ba7aa579d858b8a8747fd559dd"}
,"/Users/sahilgarg/Downloads/ClaudeCode/FocusBuddy/src/components/ui/EmptyState.tsx": {"path":"/Users/sahilgarg/Downloads/ClaudeCode/FocusBuddy/src/components/ui/EmptyState.tsx","statementMap":{"0":{"start":{"line":20,"column":2},"end":{"line":44,"column":4}}},"fnMap":{"0":{"name":"EmptyState","decl":{"start":{"line":13,"column":16},"end":{"line":13,"column":26}},"loc":{"start":{"line":19,"column":20},"end":{"line":45,"column":1}},"line":19}},"branchMap":{"0":{"loc":{"start":{"line":25,"column":7},"end":{"line":25,"column":51}},"type":"binary-expr","locations":[{"start":{"line":25,"column":7},"end":{"line":25,"column":11}},{"start":{"line":25,"column":15},"end":{"line":25,"column":51}}],"line":25},"1":{"loc":{"start":{"line":34,"column":7},"end":{"line":38,"column":7}},"type":"binary-expr","locations":[{"start":{"line":34,"column":7},"end":{"line":34,"column":18}},{"start":{"line":35,"column":8},"end":{"line":37,"column":15}}],"line":34},"2":{"loc":{"start":{"line":40,"column":7},"end":{"line":42,"column":7}},"type":"binary-expr","locations":[{"start":{"line":40,"column":7},"end":{"line":40,"column":18}},{"start":{"line":40,"column":22},"end":{"line":40,"column":30}},{"start":{"line":41,"column":8},"end":{"line":41,"column":75}}],"line":40}},"s":{"0":0},"f":{"0":0},"b":{"0":[0,0],"1":[0,0],"2":[0,0,0]}}
,"/Users/sahilgarg/Downloads/ClaudeCode/FocusBuddy/src/components/ui/Input.tsx": {"path":"/Users/sahilgarg/Downloads/ClaudeCode/FocusBuddy/src/components/ui/Input.tsx","statementMap":{"0":{"start":{"line":11,"column":21},"end":{"line":95,"column":1}},"1":{"start":{"line":22,"column":38},"end":{"line":22,"column":53}},"2":{"start":{"line":23,"column":50},"end":{"line":23,"column":76}},"3":{"start":{"line":25,"column":24},"end":{"line":29,"column":27}},"4":{"start":{"line":31,"column":4},"end":{"line":93,"column":6}},"5":{"start":{"line":46,"column":14},"end":{"line":46,"column":33}},"6":{"start":{"line":47,"column":14},"end":{"line":47,"column":42}},"7":{"start":{"line":50,"column":14},"end":{"line":50,"column":34}},"8":{"start":{"line":51,"column":14},"end":{"line":51,"column":41}},"9":{"start":{"line":68,"column":29},"end":{"line":68,"column":64}},"10":{"start":{"line":68,"column":58},"end":{"line":68,"column":63}},"11":{"start":{"line":97,"column":0},"end":{"line":97,"column":28}}},"fnMap":{"0":{"name":"(anonymous_0)","decl":{"start":{"line":12,"column":2},"end":{"line":12,"column":3}},"loc":{"start":{"line":21,"column":7},"end":{"line":94,"column":3}},"line":21},"1":{"name":"(anonymous_1)","decl":{"start":{"line":45,"column":21},"end":{"line":45,"column":22}},"loc":{"start":{"line":45,"column":28},"end":{"line":48,"column":13}},"line":45},"2":{"name":"(anonymous_2)","decl":{"start":{"line":49,"column":20},"end":{"line":49,"column":21}},"loc":{"start":{"line":49,"column":27},"end":{"line":52,"column":13}},"line":49},"3":{"name":"(anonymous_3)","decl":{"start":{"line":68,"column":23},"end":{"line":68,"column":24}},"loc":{"start":{"line":68,"column":29},"end":{"line":68,"column":64}},"line":68},"4":{"name":"(anonymous_4)","decl":{"start":{"line":68,"column":48},"end":{"line":68,"column":49}},"loc":{"start":{"line":68,"column":58},"end":{"line":68,"column":63}},"line":68}},"branchMap":{"0":{"loc":{"start":{"line":17,"column":6},"end":{"line":17,"column":29}},"type":"default-arg","locations":[{"start":{"line":17,"column":24},"end":{"line":17,"column":29}}],"line":17},"1":{"loc":{"start":{"line":25,"column":24},"end":{"line":29,"column":27}},"type":"cond-expr","locations":[{"start":{"line":26,"column":8},"end":{"line":26,"column":26}},{"start":{"line":27,"column":8},"end":{"line":29,"column":27}}],"line":25},"2":{"loc":{"start":{"line":27,"column":8},"end":{"line":29,"column":27}},"type":"cond-expr","locations":[{"start":{"line":28,"column":10},"end":{"line":28,"column":28}},{"start":{"line":29,"column":10},"end":{"line":29,"column":27}}],"line":27},"3":{"loc":{"start":{"line":33,"column":9},"end":{"line":40,"column":9}},"type":"binary-expr","locations":[{"start":{"line":33,"column":9},"end":{"line":33,"column":14}},{"start":{"line":34,"column":10},"end":{"line":39,"column":17}}],"line":33},"4":{"loc":{"start":{"line":53,"column":29},"end":{"line":53,"column":64}},"type":"binary-expr","locations":[{"start":{"line":53,"column":29},"end":{"line":53,"column":44}},{"start":{"line":53,"column":48},"end":{"line":53,"column":64}}],"line":53},"5":{"loc":{"start":{"line":61,"column":16},"end":{"line":61,"column":46}},"type":"cond-expr","locations":[{"start":{"line":61,"column":34},"end":{"line":61,"column":41}},{"start":{"line":61,"column":44},"end":{"line":61,"column":46}}],"line":61},"6":{"loc":{"start":{"line":66,"column":11},"end":{"line":77,"column":11}},"type":"binary-expr","locations":[{"start":{"line":66,"column":11},"end":{"line":66,"column":26}},{"start":{"line":67,"column":12},"end":{"line":76,"column":24}}],"line":66},"7":{"loc":{"start":{"line":70,"column":34},"end":{"line":70,"column":85}},"type":"cond-expr","locations":[{"start":{"line":70,"column":52},"end":{"line":70,"column":67}},{"start":{"line":70,"column":70},"end":{"line":70,"column":85}}],"line":70},"8":{"loc":{"start":{"line":74,"column":17},"end":{"line":74,"column":50}},"type":"cond-expr","locations":[{"start":{"line":74,"column":35},"end":{"line":74,"column":41}},{"start":{"line":74,"column":44},"end":{"line":74,"column":50}}],"line":74},"9":{"loc":{"start":{"line":80,"column":9},"end":{"line":87,"column":9}},"type":"binary-expr","locations":[{"start":{"line":80,"column":9},"end":{"line":80,"column":14}},{"start":{"line":81,"column":10},"end":{"line":86,"column":17}}],"line":80},"10":{"loc":{"start":{"line":89,"column":9},"end":{"line":91,"column":9}},"type":"binary-expr","locations":[{"start":{"line":89,"column":9},"end":{"line":89,"column":19}},{"start":{"line":89,"column":23},"end":{"line":89,"column":29}},{"start":{"line":90,"column":10},"end":{"line":90,"column":75}}],"line":89}},"s":{"0":0,"1":0,"2":0,"3":0,"4":0,"5":0,"6":0,"7":0,"8":0,"9":0,"10":0,"11":0},"f":{"0":0,"1":0,"2":0,"3":0,"4":0},"b":{"0":[0],"1":[0,0],"2":[0,0],"3":[0,0],"4":[0,0],"5":[0,0],"6":[0,0],"7":[0,0],"8":[0,0],"9":[0,0],"10":[0,0,0]}}
,"/Users/sahilgarg/Downloads/ClaudeCode/FocusBuddy/src/components/ui/LoadingScreen.tsx": {"path":"/Users/sahilgarg/Downloads/ClaudeCode/FocusBuddy/src/components/ui/LoadingScreen.tsx","statementMap":{"0":{"start":{"line":9,"column":2},"end":{"line":20,"column":4}}},"fnMap":{"0":{"name":"LoadingScreen","decl":{"start":{"line":8,"column":16},"end":{"line":8,"column":29}},"loc":{"start":{"line":8,"column":63},"end":{"line":21,"column":1}},"line":8}},"branchMap":{"0":{"loc":{"start":{"line":13,"column":26},"end":{"line":13,"column":46}},"type":"binary-expr","locations":[{"start":{"line":13,"column":26},"end":{"line":13,"column":33}},{"start":{"line":13,"column":37},"end":{"line":13,"column":46}}],"line":13},"1":{"loc":{"start":{"line":16,"column":7},"end":{"line":18,"column":7}},"type":"binary-expr","locations":[{"start":{"line":16,"column":7},"end":{"line":16,"column":14}},{"start":{"line":17,"column":8},"end":{"line":17,"column":72}}],"line":16}},"s":{"0":0},"f":{"0":0},"b":{"0":[0,0],"1":[0,0]}}
,"/Users/sahilgarg/Downloads/ClaudeCode/FocusBuddy/src/components/ui/ProgressBar.tsx": {"path":"/Users/sahilgarg/Downloads/ClaudeCode/FocusBuddy/src/components/ui/ProgressBar.tsx","statementMap":{"0":{"start":{"line":24,"column":26},"end":{"line":24,"column":60}},"1":{"start":{"line":25,"column":24},"end":{"line":25,"column":55}},"2":{"start":{"line":27,"column":2},"end":{"line":33,"column":24}},"3":{"start":{"line":28,"column":4},"end":{"line":31,"column":7}},"4":{"start":{"line":35,"column":24},"end":{"line":37,"column":5}},"5":{"start":{"line":35,"column":48},"end":{"line":37,"column":3}},"6":{"start":{"line":39,"column":2},"end":{"line":55,"column":4}}},"fnMap":{"0":{"name":"ProgressBar","decl":{"start":{"line":19,"column":16},"end":{"line":19,"column":27}},"loc":{"start":{"line":23,"column":21},"end":{"line":56,"column":1}},"line":23},"1":{"name":"(anonymous_1)","decl":{"start":{"line":27,"column":12},"end":{"line":27,"column":13}},"loc":{"start":{"line":27,"column":18},"end":{"line":33,"column":3}},"line":27},"2":{"name":"(anonymous_2)","decl":{"start":{"line":35,"column":41},"end":{"line":35,"column":42}},"loc":{"start":{"line":35,"column":48},"end":{"line":37,"column":3}},"line":35}},"branchMap":{"0":{"loc":{"start":{"line":21,"column":2},"end":{"line":21,"column":19}},"type":"default-arg","locations":[{"start":{"line":21,"column":10},"end":{"line":21,"column":19}}],"line":21},"1":{"loc":{"start":{"line":22,"column":2},"end":{"line":22,"column":12}},"type":"default-arg","locations":[{"start":{"line":22,"column":11},"end":{"line":22,"column":12}}],"line":22}},"s":{"0":0,"1":0,"2":0,"3":0,"4":0,"5":0,"6":0},"f":{"0":0,"1":0,"2":0},"b":{"0":[0],"1":[0]}}
,"/Users/sahilgarg/Downloads/ClaudeCode/FocusBuddy/src/components/ui/SafeView.tsx": {"path":"/Users/sahilgarg/Downloads/ClaudeCode/FocusBuddy/src/components/ui/SafeView.tsx","statementMap":{"0":{"start":{"line":12,"column":2},"end":{"line":18,"column":4}}},"fnMap":{"0":{"name":"SafeView","decl":{"start":{"line":11,"column":16},"end":{"line":11,"column":24}},"loc":{"start":{"line":11,"column":84},"end":{"line":19,"column":1}},"line":11}},"branchMap":{"0":{"loc":{"start":{"line":11,"column":37},"end":{"line":11,"column":51}},"type":"default-arg","locations":[{"start":{"line":11,"column":49},"end":{"line":11,"column":51}}],"line":11}},"s":{"0":0},"f":{"0":0},"b":{"0":[0]}}
,"/Users/sahilgarg/Downloads/ClaudeCode/FocusBuddy/src/components/ui/index.ts": {"path":"/Users/sahilgarg/Downloads/ClaudeCode/FocusBuddy/src/components/ui/index.ts","statementMap":{},"fnMap":{},"branchMap":{},"s":{},"f":{},"b":{}}
,"/Users/sahilgarg/Downloads/ClaudeCode/FocusBuddy/src/hooks/useAppState.ts": {"path":"/Users/sahilgarg/Downloads/ClaudeCode/FocusBuddy/src/hooks/useAppState.ts","statementMap":{"0":{"start":{"line":7,"column":19},"end":{"line":7,"column":48}},"1":{"start":{"line":8,"column":26},"end":{"line":8,"column":46}},"2":{"start":{"line":9,"column":26},"end":{"line":9,"column":46}},"3":{"start":{"line":12,"column":2},"end":{"line":12,"column":41}},"4":{"start":{"line":13,"column":2},"end":{"line":13,"column":41}},"5":{"start":{"line":15,"column":2},"end":{"line":37,"column":9}},"6":{"start":{"line":16,"column":25},"end":{"line":32,"column":6}},"7":{"start":{"line":17,"column":6},"end":{"line":22,"column":7}},"8":{"start":{"line":21,"column":8},"end":{"line":21,"column":48}},"9":{"start":{"line":24,"column":6},"end":{"line":29,"column":7}},"10":{"start":{"line":28,"column":8},"end":{"line":28,"column":48}},"11":{"start":{"line":31,"column":6},"end":{"line":31,"column":38}},"12":{"start":{"line":34,"column":4},"end":{"line":36,"column":6}},"13":{"start":{"line":35,"column":6},"end":{"line":35,"column":28}},"14":{"start":{"line":39,"column":2},"end":{"line":39,"column":18}}},"fnMap":{"0":{"name":"useAppState","decl":{"start":{"line":6,"column":16},"end":{"line":6,"column":27}},"loc":{"start":{"line":6,"column":94},"end":{"line":40,"column":1}},"line":6},"1":{"name":"(anonymous_1)","decl":{"start":{"line":15,"column":12},"end":{"line":15,"column":13}},"loc":{"start":{"line":15,"column":18},"end":{"line":37,"column":3}},"line":15},"2":{"name":"(anonymous_2)","decl":{"start":{"line":16,"column":61},"end":{"line":16,"column":62}},"loc":{"start":{"line":16,"column":79},"end":{"line":32,"column":5}},"line":16},"3":{"name":"(anonymous_3)","decl":{"start":{"line":34,"column":11},"end":{"line":34,"column":12}},"loc":{"start":{"line":34,"column":17},"end":{"line":36,"column":5}},"line":34}},"branchMap":{"0":{"loc":{"start":{"line":17,"column":6},"end":{"line":22,"column":7}},"type":"if","locations":[{"start":{"line":17,"column":6},"end":{"line":22,"column":7}},{"start":{},"end":{}}],"line":17},"1":{"loc":{"start":{"line":18,"column":8},"end":{"line":19,"column":33}},"type":"binary-expr","locations":[{"start":{"line":18,"column":8},"end":{"line":18,"column":53}},{"start":{"line":19,"column":8},"end":{"line":19,"column":33}}],"line":18},"2":{"loc":{"start":{"line":24,"column":6},"end":{"line":29,"column":7}},"type":"if","locations":[{"start":{"line":24,"column":6},"end":{"line":29,"column":7}},{"start":{},"end":{}}],"line":24},"3":{"loc":{"start":{"line":25,"column":8},"end":{"line":26,"column":49}},"type":"binary-expr","locations":[{"start":{"line":25,"column":8},"end":{"line":25,"column":37}},{"start":{"line":26,"column":8},"end":{"line":26,"column":49}}],"line":25}},"s":{"0":7,"1":7,"2":7,"3":7,"4":7,"5":7,"6":7,"7":4,"8":2,"9":4,"10":1,"11":4,"12":7,"13":7,"14":7},"f":{"0":7,"1":7,"2":4,"3":7},"b":{"0":[2,2],"1":[4,2],"2":[1,3],"3":[4,2]},"_coverageSchema":"1a1c01bbd47fc00a2c39e90264f33305004495a9","hash":"46deeda6395f38a198a73ab0af739e0dd788a95f"}
,"/Users/sahilgarg/Downloads/ClaudeCode/FocusBuddy/src/lib/fireAndForget.ts": {"path":"/Users/sahilgarg/Downloads/ClaudeCode/FocusBuddy/src/lib/fireAndForget.ts","statementMap":{"0":{"start":{"line":11,"column":2},"end":{"line":15,"column":4}},"1":{"start":{"line":12,"column":4},"end":{"line":14,"column":6}}},"fnMap":{"0":{"name":"fireAndForget","decl":{"start":{"line":10,"column":16},"end":{"line":10,"column":29}},"loc":{"start":{"line":10,"column":84},"end":{"line":16,"column":1}},"line":10},"1":{"name":"(anonymous_1)","decl":{"start":{"line":11,"column":33},"end":{"line":11,"column":34}},"loc":{"start":{"line":11,"column":42},"end":{"line":15,"column":3}},"line":11}},"branchMap":{"0":{"loc":{"start":{"line":12,"column":17},"end":{"line":12,"column":68}},"type":"cond-expr","locations":[{"start":{"line":12,"column":40},"end":{"line":12,"column":43}},{"start":{"line":12,"column":46},"end":{"line":12,"column":68}}],"line":12}},"s":{"0":0,"1":0},"f":{"0":0,"1":0},"b":{"0":[0,0]}}
,"/Users/sahilgarg/Downloads/ClaudeCode/FocusBuddy/src/lib/mmkv.ts": {"path":"/Users/sahilgarg/Downloads/ClaudeCode/FocusBuddy/src/lib/mmkv.ts","statementMap":{"0":{"start":{"line":2,"column":17},"end":{"line":2,"column":45}},"1":{"start":{"line":4,"column":23},"end":{"line":12,"column":1}},"2":{"start":{"line":26,"column":18},"end":{"line":26,"column":31}},"3":{"start":{"line":29,"column":14},"end":{"line":29,"column":42}},"4":{"start":{"line":30,"column":2},"end":{"line":30,"column":23}},"5":{"start":{"line":30,"column":12},"end":{"line":30,"column":23}},"6":{"start":{"line":32,"column":2},"end":{"line":36,"column":3}},"7":{"start":{"line":33,"column":4},"end":{"line":33,"column":40}},"8":{"start":{"line":35,"column":4},"end":{"line":35,"column":15}},"9":{"start":{"line":40,"column":2},"end":{"line":40,"column":47}},"10":{"start":{"line":44,"column":2},"end":{"line":44,"column":27}},"11":{"start":{"line":51,"column":26},"end":{"line":51,"column":41}},"12":{"start":{"line":54,"column":2},"end":{"line":54,"column":44}},"13":{"start":{"line":58,"column":14},"end":{"line":58,"column":50}},"14":{"start":{"line":59,"column":2},"end":{"line":59,"column":20}},"15":{"start":{"line":63,"column":2},"end":{"line":63,"column":35}}},"fnMap":{"0":{"name":"getTimerState","decl":{"start":{"line":28,"column":16},"end":{"line":28,"column":29}},"loc":{"start":{"line":28,"column":51},"end":{"line":37,"column":1}},"line":28},"1":{"name":"setTimerState","decl":{"start":{"line":39,"column":16},"end":{"line":39,"column":29}},"loc":{"start":{"line":39,"column":55},"end":{"line":41,"column":1}},"line":39},"2":{"name":"clearTimerState","decl":{"start":{"line":43,"column":16},"end":{"line":43,"column":31}},"loc":{"start":{"line":43,"column":40},"end":{"line":45,"column":1}},"line":43},"3":{"name":"setLastActivity","decl":{"start":{"line":53,"column":16},"end":{"line":53,"column":31}},"loc":{"start":{"line":53,"column":40},"end":{"line":55,"column":1}},"line":53},"4":{"name":"getLastActivity","decl":{"start":{"line":57,"column":16},"end":{"line":57,"column":31}},"loc":{"start":{"line":57,"column":49},"end":{"line":60,"column":1}},"line":57},"5":{"name":"clearLastActivity","decl":{"start":{"line":62,"column":16},"end":{"line":62,"column":33}},"loc":{"start":{"line":62,"column":42},"end":{"line":64,"column":1}},"line":62}},"branchMap":{"0":{"loc":{"start":{"line":30,"column":2},"end":{"line":30,"column":23}},"type":"if","locations":[{"start":{"line":30,"column":2},"end":{"line":30,"column":23}},{"start":{},"end":{}}],"line":30},"1":{"loc":{"start":{"line":59,"column":9},"end":{"line":59,"column":20}},"type":"binary-expr","locations":[{"start":{"line":59,"column":9},"end":{"line":59,"column":12}},{"start":{"line":59,"column":16},"end":{"line":59,"column":20}}],"line":59}},"s":{"0":1,"1":1,"2":1,"3":6,"4":6,"5":3,"6":3,"7":3,"8":1,"9":4,"10":1,"11":1,"12":2,"13":3,"14":3,"15":1},"f":{"0":6,"1":4,"2":1,"3":2,"4":3,"5":1},"b":{"0":[3,3],"1":[3,2]},"_coverageSchema":"1a1c01bbd47fc00a2c39e90264f33305004495a9","hash":"569dda07845d714b29347aec43ed663ed33d0407"}
,"/Users/sahilgarg/Downloads/ClaudeCode/FocusBuddy/src/lib/sentry.ts": {"path":"/Users/sahilgarg/Downloads/ClaudeCode/FocusBuddy/src/lib/sentry.ts","statementMap":{"0":{"start":{"line":3,"column":19},"end":{"line":3,"column":53}},"1":{"start":{"line":13,"column":2},"end":{"line":16,"column":3}},"2":{"start":{"line":14,"column":4},"end":{"line":14,"column":87}},"3":{"start":{"line":15,"column":4},"end":{"line":15,"column":10}},"4":{"start":{"line":18,"column":2},"end":{"line":33,"column":4}},"5":{"start":{"line":27,"column":6},"end":{"line":30,"column":7}},"6":{"start":{"line":28,"column":8},"end":{"line":28,"column":53}},"7":{"start":{"line":29,"column":8},"end":{"line":29,"column":46}},"8":{"start":{"line":31,"column":6},"end":{"line":31,"column":18}},"9":{"start":{"line":40,"column":2},"end":{"line":43,"column":3}},"10":{"start":{"line":41,"column":4},"end":{"line":41,"column":68}},"11":{"start":{"line":42,"column":4},"end":{"line":42,"column":10}},"12":{"start":{"line":44,"column":2},"end":{"line":53,"column":3}},"13":{"start":{"line":45,"column":4},"end":{"line":50,"column":6}},"14":{"start":{"line":46,"column":6},"end":{"line":48,"column":8}},"15":{"start":{"line":47,"column":8},"end":{"line":47,"column":34}},"16":{"start":{"line":49,"column":6},"end":{"line":49,"column":36}},"17":{"start":{"line":52,"column":4},"end":{"line":52,"column":34}},"18":{"start":{"line":60,"column":2},"end":{"line":60,"column":25}},"19":{"start":{"line":60,"column":19},"end":{"line":60,"column":25}},"20":{"start":{"line":61,"column":2},"end":{"line":65,"column":3}},"21":{"start":{"line":62,"column":4},"end":{"line":62,"column":34}},"22":{"start":{"line":64,"column":4},"end":{"line":64,"column":24}},"23":{"start":{"line":76,"column":2},"end":{"line":76,"column":25}},"24":{"start":{"line":76,"column":19},"end":{"line":76,"column":25}},"25":{"start":{"line":77,"column":2},"end":{"line":77,"column":52}},"26":{"start":{"line":84,"column":2},"end":{"line":84,"column":25}},"27":{"start":{"line":84,"column":19},"end":{"line":84,"column":25}},"28":{"start":{"line":85,"column":17},"end":{"line":85,"column":35}},"29":{"start":{"line":86,"column":2},"end":{"line":88,"column":3}},"30":{"start":{"line":87,"column":4},"end":{"line":87,"column":41}}},"fnMap":{"0":{"name":"initSentry","decl":{"start":{"line":12,"column":16},"end":{"line":12,"column":26}},"loc":{"start":{"line":12,"column":29},"end":{"line":34,"column":1}},"line":12},"1":{"name":"(anonymous_1)","decl":{"start":{"line":25,"column":4},"end":{"line":25,"column":5}},"loc":{"start":{"line":25,"column":22},"end":{"line":32,"column":5}},"line":25},"2":{"name":"captureError","decl":{"start":{"line":39,"column":16},"end":{"line":39,"column":28}},"loc":{"start":{"line":39,"column":78},"end":{"line":54,"column":1}},"line":39},"3":{"name":"(anonymous_3)","decl":{"start":{"line":45,"column":21},"end":{"line":45,"column":22}},"loc":{"start":{"line":45,"column":32},"end":{"line":50,"column":5}},"line":45},"4":{"name":"(anonymous_4)","decl":{"start":{"line":46,"column":38},"end":{"line":46,"column":39}},"loc":{"start":{"line":46,"column":56},"end":{"line":48,"column":7}},"line":46},"5":{"name":"setSentryUser","decl":{"start":{"line":59,"column":16},"end":{"line":59,"column":29}},"loc":{"start":{"line":59,"column":53},"end":{"line":66,"column":1}},"line":59},"6":{"name":"addBreadcrumb","decl":{"start":{"line":71,"column":16},"end":{"line":71,"column":29}},"loc":{"start":{"line":75,"column":2},"end":{"line":78,"column":1}},"line":75},"7":{"name":"setSentryEnabled","decl":{"start":{"line":83,"column":16},"end":{"line":83,"column":32}},"loc":{"start":{"line":83,"column":51},"end":{"line":89,"column":1}},"line":83}},"branchMap":{"0":{"loc":{"start":{"line":13,"column":2},"end":{"line":16,"column":3}},"type":"if","locations":[{"start":{"line":13,"column":2},"end":{"line":16,"column":3}},{"start":{},"end":{}}],"line":13},"1":{"loc":{"start":{"line":23,"column":17},"end":{"line":23,"column":55}},"type":"cond-expr","locations":[{"start":{"line":23,"column":27},"end":{"line":23,"column":40}},{"start":{"line":23,"column":43},"end":{"line":23,"column":55}}],"line":23},"2":{"loc":{"start":{"line":27,"column":6},"end":{"line":30,"column":7}},"type":"if","locations":[{"start":{"line":27,"column":6},"end":{"line":30,"column":7}},{"start":{},"end":{}}],"line":27},"3":{"loc":{"start":{"line":40,"column":2},"end":{"line":43,"column":3}},"type":"if","locations":[{"start":{"line":40,"column":2},"end":{"line":43,"column":3}},{"start":{},"end":{}}],"line":40},"4":{"loc":{"start":{"line":44,"column":2},"end":{"line":53,"column":3}},"type":"if","locations":[{"start":{"line":44,"column":2},"end":{"line":53,"column":3}},{"start":{"line":51,"column":9},"end":{"line":53,"column":3}}],"line":44},"5":{"loc":{"start":{"line":60,"column":2},"end":{"line":60,"column":25}},"type":"if","locations":[{"start":{"line":60,"column":2},"end":{"line":60,"column":25}},{"start":{},"end":{}}],"line":60},"6":{"loc":{"start":{"line":61,"column":2},"end":{"line":65,"column":3}},"type":"if","locations":[{"start":{"line":61,"column":2},"end":{"line":65,"column":3}},{"start":{"line":63,"column":9},"end":{"line":65,"column":3}}],"line":61},"7":{"loc":{"start":{"line":74,"column":2},"end":{"line":74,"column":38}},"type":"default-arg","locations":[{"start":{"line":74,"column":32},"end":{"line":74,"column":38}}],"line":74},"8":{"loc":{"start":{"line":76,"column":2},"end":{"line":76,"column":25}},"type":"if","locations":[{"start":{"line":76,"column":2},"end":{"line":76,"column":25}},{"start":{},"end":{}}],"line":76},"9":{"loc":{"start":{"line":84,"column":2},"end":{"line":84,"column":25}},"type":"if","locations":[{"start":{"line":84,"column":2},"end":{"line":84,"column":25}},{"start":{},"end":{}}],"line":84},"10":{"loc":{"start":{"line":86,"column":2},"end":{"line":88,"column":3}},"type":"if","locations":[{"start":{"line":86,"column":2},"end":{"line":88,"column":3}},{"start":{},"end":{}}],"line":86}},"s":{"0":7,"1":0,"2":0,"3":0,"4":0,"5":0,"6":0,"7":0,"8":0,"9":2,"10":2,"11":2,"12":0,"13":0,"14":0,"15":0,"16":0,"17":0,"18":0,"19":0,"20":0,"21":0,"22":0,"23":0,"24":0,"25":0,"26":0,"27":0,"28":0,"29":0,"30":0},"f":{"0":0,"1":0,"2":2,"3":0,"4":0,"5":0,"6":0,"7":0},"b":{"0":[0,0],"1":[0,0],"2":[0,0],"3":[2,0],"4":[0,0],"5":[0,0],"6":[0,0],"7":[0],"8":[0,0],"9":[0,0],"10":[0,0]},"_coverageSchema":"1a1c01bbd47fc00a2c39e90264f33305004495a9","hash":"fbe432fd16bcabaccaaff8bf62676f2dc9614465"}
,"/Users/sahilgarg/Downloads/ClaudeCode/FocusBuddy/src/lib/supabase.ts": {"path":"/Users/sahilgarg/Downloads/ClaudeCode/FocusBuddy/src/lib/supabase.ts","statementMap":{"0":{"start":{"line":5,"column":31},"end":{"line":15,"column":1}},"1":{"start":{"line":7,"column":4},"end":{"line":7,"column":41}},"2":{"start":{"line":10,"column":4},"end":{"line":10,"column":47}},"3":{"start":{"line":13,"column":4},"end":{"line":13,"column":43}},"4":{"start":{"line":17,"column":20},"end":{"line":17,"column":56}},"5":{"start":{"line":18,"column":24},"end":{"line":18,"column":65}},"6":{"start":{"line":20,"column":0},"end":{"line":24,"column":1}},"7":{"start":{"line":21,"column":2},"end":{"line":23,"column":4}},"8":{"start":{"line":26,"column":24},"end":{"line":33,"column":2}}},"fnMap":{"0":{"name":"(anonymous_0)","decl":{"start":{"line":6,"column":11},"end":{"line":6,"column":12}},"loc":{"start":{"line":6,"column":58},"end":{"line":8,"column":3}},"line":6},"1":{"name":"(anonymous_1)","decl":{"start":{"line":9,"column":11},"end":{"line":9,"column":12}},"loc":{"start":{"line":9,"column":64},"end":{"line":11,"column":3}},"line":9},"2":{"name":"(anonymous_2)","decl":{"start":{"line":12,"column":14},"end":{"line":12,"column":15}},"loc":{"start":{"line":12,"column":52},"end":{"line":14,"column":3}},"line":12}},"branchMap":{"0":{"loc":{"start":{"line":20,"column":0},"end":{"line":24,"column":1}},"type":"if","locations":[{"start":{"line":20,"column":0},"end":{"line":24,"column":1}},{"start":{},"end":{}}],"line":20},"1":{"loc":{"start":{"line":20,"column":4},"end":{"line":20,"column":36}},"type":"binary-expr","locations":[{"start":{"line":20,"column":4},"end":{"line":20,"column":16}},{"start":{"line":20,"column":20},"end":{"line":20,"column":36}}],"line":20}},"s":{"0":15,"1":0,"2":0,"3":0,"4":15,"5":15,"6":15,"7":0,"8":15},"f":{"0":0,"1":0,"2":0},"b":{"0":[0,15],"1":[15,15]},"_coverageSchema":"1a1c01bbd47fc00a2c39e90264f33305004495a9","hash":"ebf6c20a120e7750596bb09ea814c20e0b33af36"}
,"/Users/sahilgarg/Downloads/ClaudeCode/FocusBuddy/src/lib/timeout.ts": {"path":"/Users/sahilgarg/Downloads/ClaudeCode/FocusBuddy/src/lib/timeout.ts","statementMap":{"0":{"start":{"line":10,"column":4},"end":{"line":10,"column":44}},"1":{"start":{"line":11,"column":4},"end":{"line":11,"column":30}},"2":{"start":{"line":17,"column":18},"end":{"line":19,"column":4}},"3":{"start":{"line":18,"column":4},"end":{"line":18,"column":62}},"4":{"start":{"line":18,"column":29},"end":{"line":18,"column":57}},"5":{"start":{"line":20,"column":2},"end":{"line":20,"column":76}},"6":{"start":{"line":20,"column":56},"end":{"line":20,"column":75}},"7":{"start":{"line":24,"column":34},"end":{"line":24,"column":40}}},"fnMap":{"0":{"name":"(anonymous_0)","decl":{"start":{"line":9,"column":2},"end":{"line":9,"column":3}},"loc":{"start":{"line":9,"column":26},"end":{"line":12,"column":3}},"line":9},"1":{"name":"withTimeout","decl":{"start":{"line":15,"column":16},"end":{"line":15,"column":27}},"loc":{"start":{"line":15,"column":80},"end":{"line":21,"column":1}},"line":15},"2":{"name":"(anonymous_2)","decl":{"start":{"line":17,"column":37},"end":{"line":17,"column":38}},"loc":{"start":{"line":17,"column":52},"end":{"line":19,"column":3}},"line":17},"3":{"name":"(anonymous_3)","decl":{"start":{"line":18,"column":23},"end":{"line":18,"column":24}},"loc":{"start":{"line":18,"column":29},"end":{"line":18,"column":57}},"line":18},"4":{"name":"(anonymous_4)","decl":{"start":{"line":20,"column":50},"end":{"line":20,"column":51}},"loc":{"start":{"line":20,"column":56},"end":{"line":20,"column":75}},"line":20}},"branchMap":{},"s":{"0":0,"1":0,"2":5,"3":5,"4":0,"5":5,"6":5,"7":1},"f":{"0":0,"1":5,"2":5,"3":0,"4":5},"b":{},"_coverageSchema":"1a1c01bbd47fc00a2c39e90264f33305004495a9","hash":"dea2f733b35d4f23a9d44d7cdc4978c395fa6e41"}
,"/Users/sahilgarg/Downloads/ClaudeCode/FocusBuddy/src/services/auth.service.ts": {"path":"/Users/sahilgarg/Downloads/ClaudeCode/FocusBuddy/src/services/auth.service.ts","statementMap":{"0":{"start":{"line":8,"column":26},"end":{"line":12,"column":4}},"1":{"start":{"line":13,"column":2},"end":{"line":13,"column":64}},"2":{"start":{"line":13,"column":13},"end":{"line":13,"column":64}},"3":{"start":{"line":16,"column":2},"end":{"line":30,"column":3}},"4":{"start":{"line":17,"column":36},"end":{"line":28,"column":6}},"5":{"start":{"line":29,"column":4},"end":{"line":29,"column":89}},"6":{"start":{"line":29,"column":22},"end":{"line":29,"column":89}},"7":{"start":{"line":32,"column":2},"end":{"line":32,"column":13}},"8":{"start":{"line":39,"column":26},"end":{"line":42,"column":4}},"9":{"start":{"line":43,"column":2},"end":{"line":43,"column":64}},"10":{"start":{"line":43,"column":13},"end":{"line":43,"column":64}},"11":{"start":{"line":44,"column":2},"end":{"line":44,"column":13}},"12":{"start":{"line":51,"column":20},"end":{"line":51,"column":49}},"13":{"start":{"line":52,"column":2},"end":{"line":52,"column":65}},"14":{"start":{"line":52,"column":13},"end":{"line":52,"column":65}},"15":{"start":{"line":59,"column":20},"end":{"line":59,"column":68}},"16":{"start":{"line":60,"column":2},"end":{"line":60,"column":71}},"17":{"start":{"line":60,"column":13},"end":{"line":60,"column":71}},"18":{"start":{"line":67,"column":26},"end":{"line":67,"column":58}},"19":{"start":{"line":68,"column":2},"end":{"line":68,"column":71}},"20":{"start":{"line":68,"column":13},"end":{"line":68,"column":71}},"21":{"start":{"line":69,"column":2},"end":{"line":69,"column":21}},"22":{"start":{"line":78,"column":19},"end":{"line":78,"column":60}},"23":{"start":{"line":79,"column":2},"end":{"line":79,"column":26}}},"fnMap":{"0":{"name":"signUp","decl":{"start":{"line":7,"column":22},"end":{"line":7,"column":28}},"loc":{"start":{"line":7,"column":84},"end":{"line":33,"column":1}},"line":7},"1":{"name":"signIn","decl":{"start":{"line":38,"column":22},"end":{"line":38,"column":28}},"loc":{"start":{"line":38,"column":62},"end":{"line":45,"column":1}},"line":38},"2":{"name":"signOut","decl":{"start":{"line":50,"column":22},"end":{"line":50,"column":29}},"loc":{"start":{"line":50,"column":32},"end":{"line":53,"column":1}},"line":50},"3":{"name":"resetPassword","decl":{"start":{"line":58,"column":22},"end":{"line":58,"column":35}},"loc":{"start":{"line":58,"column":51},"end":{"line":61,"column":1}},"line":58},"4":{"name":"getCurrentSession","decl":{"start":{"line":66,"column":22},"end":{"line":66,"column":39}},"loc":{"start":{"line":66,"column":67},"end":{"line":70,"column":1}},"line":66},"5":{"name":"onAuthStateChange","decl":{"start":{"line":75,"column":16},"end":{"line":75,"column":33}},"loc":{"start":{"line":77,"column":2},"end":{"line":80,"column":1}},"line":77}},"branchMap":{"0":{"loc":{"start":{"line":11,"column":13},"end":{"line":11,"column":78}},"type":"cond-expr","locations":[{"start":{"line":11,"column":27},"end":{"line":11,"column":66}},{"start":{"line":11,"column":69},"end":{"line":11,"column":78}}],"line":11},"1":{"loc":{"start":{"line":13,"column":2},"end":{"line":13,"column":64}},"type":"if","locations":[{"start":{"line":13,"column":2},"end":{"line":13,"column":64}},{"start":{},"end":{}}],"line":13},"2":{"loc":{"start":{"line":16,"column":2},"end":{"line":30,"column":3}},"type":"if","locations":[{"start":{"line":16,"column":2},"end":{"line":30,"column":3}},{"start":{},"end":{}}],"line":16},"3":{"loc":{"start":{"line":19,"column":20},"end":{"line":19,"column":39}},"type":"binary-expr","locations":[{"start":{"line":19,"column":20},"end":{"line":19,"column":31}},{"start":{"line":19,"column":35},"end":{"line":19,"column":39}}],"line":19},"4":{"loc":{"start":{"line":29,"column":4},"end":{"line":29,"column":89}},"type":"if","locations":[{"start":{"line":29,"column":4},"end":{"line":29,"column":89}},{"start":{},"end":{}}],"line":29},"5":{"loc":{"start":{"line":43,"column":2},"end":{"line":43,"column":64}},"type":"if","locations":[{"start":{"line":43,"column":2},"end":{"line":43,"column":64}},{"start":{},"end":{}}],"line":43},"6":{"loc":{"start":{"line":52,"column":2},"end":{"line":52,"column":65}},"type":"if","locations":[{"start":{"line":52,"column":2},"end":{"line":52,"column":65}},{"start":{},"end":{}}],"line":52},"7":{"loc":{"start":{"line":60,"column":2},"end":{"line":60,"column":71}},"type":"if","locations":[{"start":{"line":60,"column":2},"end":{"line":60,"column":71}},{"start":{},"end":{}}],"line":60},"8":{"loc":{"start":{"line":68,"column":2},"end":{"line":68,"column":71}},"type":"if","locations":[{"start":{"line":68,"column":2},"end":{"line":68,"column":71}},{"start":{},"end":{}}],"line":68}},"s":{"0":3,"1":3,"2":1,"3":2,"4":2,"5":2,"6":1,"7":1,"8":3,"9":3,"10":2,"11":1,"12":2,"13":2,"14":1,"15":2,"16":2,"17":1,"18":2,"19":2,"20":0,"21":2,"22":1,"23":1},"f":{"0":3,"1":3,"2":2,"3":2,"4":2,"5":1},"b":{"0":[0,3],"1":[1,2],"2":[2,0],"3":[2,2],"4":[1,1],"5":[2,1],"6":[1,1],"7":[1,1],"8":[0,2]},"_coverageSchema":"1a1c01bbd47fc00a2c39e90264f33305004495a9","hash":"f14a6979f897bf8e5b63be0a4002f75656319bd3"}
[...]
,"end":{"line":172,"column":51}},"41":{"start":{"line":175,"column":6},"end":{"line":177,"column":8}},"42":{"start":{"line":182,"column":4},"end":{"line":193,"column":5}},"43":{"start":{"line":183,"column":6},"end":{"line":183,"column":33}},"44":{"start":{"line":184,"column":31},"end":{"line":184,"column":67}},"45":{"start":{"line":185,"column":6},"end":{"line":185,"column":89}},"46":{"start":{"line":186,"column":6},"end":{"line":186,"column":30}},"47":{"start":{"line":188,"column":6},"end":{"line":188,"column":34}},"48":{"start":{"line":189,"column":6},"end":{"line":191,"column":7}},"49":{"start":{"line":190,"column":8},"end":{"line":190,"column":50}},"50":{"start":{"line":192,"column":6},"end":{"line":192,"column":53}},"51":{"start":{"line":197,"column":4},"end":{"line":206,"column":5}},"52":{"start":{"line":198,"column":6},"end":{"line":198,"column":32}},"53":{"start":{"line":199,"column":27},"end":{"line":199,"column":61}},"54":{"start":{"line":200,"column":6},"end":{"line":200,"column":88}},"55":{"start":{"line":201,"column":20},"end":{"line":201,"column":73}},"56":{"start":{"line":202,"column":6},"end":{"line":202,"column":37}},"57":{"start":{"line":204,"column":6},"end":{"line":204,"column":33}},"58":{"start":{"line":205,"column":6},"end":{"line":205,"column":53}}},"fnMap":{"0":{"name":"deriveFromCustomerInfo","decl":{"start":{"line":55,"column":9},"end":{"line":55,"column":31}},"loc":{"start":{"line":60,"column":2},"end":{"line":99,"column":1}},"line":60},"1":{"name":"(anonymous_1)","decl":{"start":{"line":103,"column":64},"end":{"line":103,"column":65}},"loc":{"start":{"line":103,"column":74},"end":{"line":208,"column":1}},"line":103},"2":{"name":"(anonymous_2)","decl":{"start":{"line":119,"column":14},"end":{"line":119,"column":15}},"loc":{"start":{"line":119,"column":26},"end":{"line":157,"column":3}},"line":119},"3":{"name":"(anonymous_3)","decl":{"start":{"line":159,"column":20},"end":{"line":159,"column":21}},"loc":{"start":{"line":159,"column":32},"end":{"line":166,"column":3}},"line":159},"4":{"name":"(anonymous_4)","decl":{"start":{"line":168,"column":18},"end":{"line":168,"column":19}},"loc":{"start":{"line":168,"column":30},"end":{"line":179,"column":3}},"line":168},"5":{"name":"(anonymous_5)","decl":{"start":{"line":181,"column":19},"end":{"line":181,"column":20}},"loc":{"start":{"line":181,"column":52},"end":{"line":194,"column":3}},"line":181},"6":{"name":"(anonymous_6)","decl":{"start":{"line":196,"column":20},"end":{"line":196,"column":21}},"loc":{"start":{"line":196,"column":32},"end":{"line":207,"column":3}},"line":196}},"branchMap":{"0":{"loc":{"start":{"line":64,"column":2},"end":{"line":73,"column":3}},"type":"if","locations":[{"start":{"line":64,"column":2},"end":{"line":73,"column":3}},{"start":{},"end":{}}],"line":64},"1":{"loc":{"start":{"line":79,"column":2},"end":{"line":82,"column":3}},"type":"if","locations":[{"start":{"line":79,"column":2},"end":{"line":82,"column":3}},{"start":{},"end":{}}],"line":79},"2":{"loc":{"start":{"line":79,"column":6},"end":{"line":79,"column":31}},"type":"binary-expr","locations":[{"start":{"line":79,"column":6},"end":{"line":79,"column":13}},{"start":{"line":79,"column":17},"end":{"line":79,"column":31}}],"line":79},"3":{"loc":{"start":{"line":85,"column":2},"end":{"line":89,"column":3}},"type":"if","locations":[{"start":{"line":85,"column":2},"end":{"line":89,"column":3}},{"start":{"line":87,"column":9},"end":{"line":89,"column":3}}],"line":85},"4":{"loc":{"start":{"line":87,"column":9},"end":{"line":89,"column":3}},"type":"if","locations":[{"start":{"line":87,"column":9},"end":{"line":89,"column":3}},{"start":{},"end":{}}],"line":87},"5":{"loc":{"start":{"line":88,"column":13},"end":{"line":88,"column":75}},"type":"cond-expr","locations":[{"start":{"line":88,"column":52},"end":{"line":88,"column":63}},{"start":{"line":88,"column":66},"end":{"line":88,"column":75}}],"line":88},"6":{"loc":{"start":{"line":93,"column":17},"end":{"line":93,"column":66}},"type":"cond-expr","locations":[{"start":{"line":93,"column":45},"end":{"line":93,"column":59}},{"start":{"line":93,"column":62},"end":{"line":93,"column":66}}],"line":93},"7":{"loc":{"start":{"line":93,"column":17},"end":{"line":93,"column":42}},"type":"binary-expr","locations":[{"start":{"line":93,"column":17},"end":{"line":93,"column":24}},{"start":{"line":93,"column":28},"end":{"line":93,"column":42}}],"line":93},"8":{"loc":{"start":{"line":122,"column":8},"end":{"line":124,"column":58}},"type":"cond-expr","locations":[{"start":{"line":123,"column":12},"end":{"line":123,"column":54}},{"start":{"line":124,"column":12},"end":{"line":124,"column":58}}],"line":122},"9":{"loc":{"start":{"line":126,"column":6},"end":{"line":130,"column":7}},"type":"if","locations":[{"start":{"line":126,"column":6},"end":{"line":130,"column":7}},{"start":{},"end":{}}],"line":126},"10":{"loc":{"start":{"line":132,"column":6},"end":{"line":134,"column":7}},"type":"if","locations":[{"start":{"line":132,"column":6},"end":{"line":134,"column":7}},{"start":{},"end":{}}],"line":132},"11":{"loc":{"start":{"line":140,"column":6},"end":{"line":142,"column":7}},"type":"if","locations":[{"start":{"line":140,"column":6},"end":{"line":142,"column":7}},{"start":{},"end":{}}],"line":140},"12":{"loc":{"start":{"line":152,"column":19},"end":{"line":152,"column":76}},"type":"cond-expr","locations":[{"start":{"line":152,"column":44},"end":{"line":152,"column":49}},{"start":{"line":152,"column":52},"end":{"line":152,"column":76}}],"line":152},"13":{"loc":{"start":{"line":171,"column":6},"end":{"line":173,"column":7}},"type":"if","locations":[{"start":{"line":171,"column":6},"end":{"line":173,"column":7}},{"start":{},"end":{}}],"line":171},"14":{"loc":{"start":{"line":175,"column":19},"end":{"line":175,"column":76}},"type":"cond-expr","locations":[{"start":{"line":175,"column":44},"end":{"line":175,"column":49}},{"start":{"line":175,"column":52},"end":{"line":175,"column":76}}],"line":175},"15":{"loc":{"start":{"line":189,"column":6},"end":{"line":191,"column":7}},"type":"if","locations":[{"start":{"line":189,"column":6},"end":{"line":191,"column":7}},{"start":{},"end":{}}],"line":189}},"s":{"0":1,"1":8,"2":8,"3":4,"4":4,"5":4,"6":4,"7":4,"8":1,"9":1,"10":4,"11":4,"12":1,"13":3,"14":0,"15":4,"16":1,"17":1,"18":2,"19":2,"20":2,"21":1,"22":1,"23":1,"24":1,"25":1,"26":0,"27":0,"28":0,"29":0,"30":0,"31":0,"32":1,"33":1,"34":4,"35":4,"36":3,"37":3,"38":3,"39":2,"40":1,"41":1,"42":4,"43":4,"44":4,"45":2,"46":2,"47":2,"48":2,"49":1,"50":1,"51":4,"52":4,"53":4,"54":3,"55":3,"56":3,"57":1,"58":1},"f":{"0":8,"1":1,"2":2,"3":4,"4":3,"5":4,"6":4},"b":{"0":[4,4],"1":[1,3],"2":[4,1],"3":[1,3],"4":[0,3],"5":[0,0],"6":[1,3],"7":[4,1],"8":[2,0],"9":[1,1],"10":[1,0],"11":[0,0],"12":[1,0],"13":[1,1],"14":[1,0],"15":[1,1]},"_coverageSchema":"1a1c01bbd47fc00a2c39e90264f33305004495a9","hash":"b3ee3288b5515913541760e92ed40ac3627e4053"}
,"/Users/sahilgarg/Downloads/ClaudeCode/FocusBuddy/src/utils/constants.ts": {"path":"/Users/sahilgarg/Downloads/ClaudeCode/FocusBuddy/src/utils/constants.ts","statementMap":{"0":{"start":{"line":1,"column":24},"end":{"line":1,"column":35}},"1":{"start":{"line":2,"column":27},"end":{"line":2,"column":65}},"2":{"start":{"line":5,"column":39},"end":{"line":5,"column":41}},"3":{"start":{"line":6,"column":33},"end":{"line":6,"column":54}},"4":{"start":{"line":7,"column":35},"end":{"line":7,"column":36}},"5":{"start":{"line":8,"column":35},"end":{"line":8,"column":38}},"6":{"start":{"line":11,"column":35},"end":{"line":11,"column":49}},"7":{"start":{"line":14,"column":33},"end":{"line":14,"column":34}},"8":{"start":{"line":15,"column":39},"end":{"line":15,"column":40}},"9":{"start":{"line":18,"column":36},"end":{"line":18,"column":37}},"10":{"start":{"line":21,"column":35},"end":{"line":25,"column":10}},"11":{"start":{"line":28,"column":28},"end":{"line":33,"column":10}},"12":{"start":{"line":36,"column":29},"end":{"line":53,"column":10}},"13":{"start":{"line":56,"column":31},"end":{"line":61,"column":10}},"14":{"start":{"line":64,"column":34},"end":{"line":64,"column":82}},"15":{"start":{"line":67,"column":22},"end":{"line":67,"column":56}},"16":{"start":{"line":70,"column":36},"end":{"line":75,"column":10}},"17":{"start":{"line":78,"column":34},"end":{"line":78,"column":86}},"18":{"start":{"line":80,"column":39},"end":{"line":185,"column":10}},"19":{"start":{"line":188,"column":30},"end":{"line":201,"column":10}},"20":{"start":{"line":204,"column":26},"end":{"line":223,"column":10}}},"fnMap":{},"branchMap":{},"s":{"0":1,"1":1,"2":1,"3":1,"4":1,"5":1,"6":1,"7":1,"8":1,"9":1,"10":1,"11":1,"12":1,"13":1,"14":1,"15":1,"16":1,"17":1,"18":1,"19":1,"20":1},"f":{},"b":{},"_coverageSchema":"1a1c01bbd47fc00a2c39e90264f33305004495a9","hash":"298cb669ad6b1d22c4e697a6d95aa2d366aad32d"}
,"/Users/sahilgarg/Downloads/ClaudeCode/FocusBuddy/src/utils/time.ts": {"path":"/Users/sahilgarg/Downloads/ClaudeCode/FocusBuddy/src/utils/time.ts","statementMap":{"0":{"start":{"line":5,"column":15},"end":{"line":5,"column":52}},"1":{"start":{"line":6,"column":16},"end":{"line":6,"column":39}},"2":{"start":{"line":7,"column":18},"end":{"line":7,"column":48}},"3":{"start":{"line":8,"column":18},"end":{"line":8,"column":27}},"4":{"start":{"line":10,"column":14},"end":{"line":10,"column":63}},"5":{"start":{"line":10,"column":37},"end":{"line":10,"column":63}},"6":{"start":{"line":12,"column":2},"end":{"line":14,"column":3}},"7":{"start":{"line":13,"column":4},"end":{"line":13,"column":58}},"8":{"start":{"line":15,"column":2},"end":{"line":15,"column":42}},"9":{"start":{"line":22,"column":2},"end":{"line":22,"column":43}},"10":{"start":{"line":22,"column":20},"end":{"line":22,"column":43}},"11":{"start":{"line":23,"column":16},"end":{"line":23,"column":40}},"12":{"start":{"line":24,"column":20},"end":{"line":24,"column":32}},"13":{"start":{"line":25,"column":2},"end":{"line":25,"column":41}},"14":{"start":{"line":25,"column":23},"end":{"line":25,"column":41}},"15":{"start":{"line":26,"column":2},"end":{"line":26,"column":34}},"16":{"start":{"line":33,"column":14},"end":{"line":33,"column":24}},"17":{"start":{"line":34,"column":15},"end":{"line":34,"column":35}},"18":{"start":{"line":35,"column":2},"end":{"line":35,"column":45}},"19":{"start":{"line":35,"column":29},"end":{"line":35,"column":45}},"20":{"start":{"line":36,"column":17},"end":{"line":36,"column":47}},"21":{"start":{"line":38,"column":2},"end":{"line":38,"column":35}},"22":{"start":{"line":38,"column":18},"end":{"line":38,"column":35}},"23":{"start":{"line":39,"column":19},"end":{"line":39,"column":44}},"24":{"start":{"line":40,"column":19},"end":{"line":40,"column":44}},"25":{"start":{"line":41,"column":20},"end":{"line":41,"column":45}},"26":{"start":{"line":42,"column":19},"end":{"line":42,"column":45}},"27":{"start":{"line":44,"column":2},"end":{"line":44,"column":38}},"28":{"start":{"line":44,"column":21},"end":{"line":44,"column":38}},"29":{"start":{"line":45,"column":2},"end":{"line":45,"column":46}},"30":{"start":{"line":45,"column":21},"end":{"line":45,"column":46}},"31":{"start":{"line":46,"column":2},"end":{"line":46,"column":48}},"32":{"start":{"line":46,"column":22},"end":{"line":46,"column":48}},"33":{"start":{"line":47,"column":2},"end":{"line":47,"column":40}},"34":{"start":{"line":47,"column":22},"end":{"line":47,"column":40}},"35":{"start":{"line":48,"column":2},"end":{"line":48,"column":45}},"36":{"start":{"line":48,"column":20},"end":{"line":48,"column":45}},"37":{"start":{"line":49,"column":2},"end":{"line":49,"column":77}},"38":{"start":{"line":56,"column":15},"end":{"line":56,"column":36}},"39":{"start":{"line":57,"column":2},"end":{"line":57,"column":35}},"40":{"start":{"line":57,"column":16},"end":{"line":57,"column":35}},"41":{"start":{"line":58,"column":2},"end":{"line":58,"column":38}},"42":{"start":{"line":58,"column":17},"end":{"line":58,"column":38}},"43":{"start":{"line":59,"column":2},"end":{"line":59,"column":40}},"44":{"start":{"line":59,"column":17},"end":{"line":59,"column":40}},"45":{"start":{"line":60,"column":2},"end":{"line":60,"column":38}},"46":{"start":{"line":60,"column":17},"end":{"line":60,"column":38}},"47":{"start":{"line":61,"column":2},"end":{"line":61,"column":21}},"48":{"start":{"line":68,"column":15},"end":{"line":68,"column":36}},"49":{"start":{"line":69,"column":2},"end":{"line":69,"column":33}},"50":{"start":{"line":69,"column":17},"end":{"line":69,"column":33}},"51":{"start":{"line":70,"column":2},"end":{"line":70,"column":35}},"52":{"start":{"line":70,"column":17},"end":{"line":70,"column":35}},"53":{"start":{"line":71,"column":2},"end":{"line":71,"column":33}},"54":{"start":{"line":71,"column":17},"end":{"line":71,"column":33}},"55":{"start":{"line":72,"column":2},"end":{"line":72,"column":16}},"56":{"start":{"line":79,"column":15},"end":{"line":79,"column":35}},"57":{"start":{"line":80,"column":2},"end":{"line":80,"column":50}},"58":{"start":{"line":80,"column":29},"end":{"line":80,"column":50}},"59":{"start":{"line":81,"column":2},"end":{"line":85,"column":4}},"60":{"start":{"line":92,"column":15},"end":{"line":92,"column":35}},"61":{"start":{"line":93,"column":16},"end":{"line":93,"column":26}},"62":{"start":{"line":94,"column":2},"end":{"line":98,"column":3}},"63":{"start":{"line":105,"column":14},"end":{"line":105,"column":24}},"64":{"start":{"line":106,"column":15},"end":{"line":106,"column":32}},"65":{"start":{"line":107,"column":16},"end":{"line":107,"column":59}},"66":{"start":{"line":108,"column":14},"end":{"line":108,"column":52}},"67":{"start":{"line":109,"column":2},"end":{"line":109,"column":34}}},"fnMap":{"0":{"name":"formatTimer","decl":{"start":{"line":4,"column":16},"end":{"line":4,"column":27}},"loc":{"start":{"line":4,"column":58},"end":{"line":16,"column":1}},"line":4},"1":{"name":"(anonymous_1)","decl":{"start":{"line":10,"column":14},"end":{"line":10,"column":15}},"loc":{"start":{"line":10,"column":37},"end":{"line":10,"column":63}},"line":10},"2":{"name":"formatDuration","decl":{"start":{"line":21,"column":16},"end":{"line":21,"column":30}},"loc":{"start":{"line":21,"column":56},"end":{"line":27,"column":1}},"line":21},"3":{"name":"getRelativeTime","decl":{"start":{"line":32,"column":16},"end":{"line":32,"column":31}},"loc":{"start":{"line":32,"column":60},"end":{"line":50,"column":1}},"line":32},"4":{"name":"getGreeting","decl":{"start":{"line":55,"column":16},"end":{"line":55,"column":27}},"loc":{"start":{"line":55,"column":38},"end":{"line":62,"column":1}},"line":55},"5":{"name":"getTimeOfDay","decl":{"start":{"line":67,"column":16},"end":{"line":67,"column":28}},"loc":{"start":{"line":67,"column":78},"end":{"line":73,"column":1}},"line":67},"6":{"name":"formatDate","decl":{"start":{"line":78,"column":16},"end":{"line":78,"column":26}},"loc":{"start":{"line":78,"column":55},"end":{"line":86,"column":1}},"line":78},"7":{"name":"isToday","decl":{"start":{"line":91,"column":16},"end":{"line":91,"column":23}},"loc":{"start":{"line":91,"column":53},"end":{"line":99,"column":1}},"line":91},"8":{"name":"getTodayDateString","decl":{"start":{"line":104,"column":16},"end":{"line":104,"column":34}},"loc":{"start":{"line":104,"column":45},"end":{"line":110,"column":1}},"line":104}},"branchMap":{"0":{"loc":{"start":{"line":12,"column":2},"end":{"line":14,"column":3}},"type":"if","locations":[{"start":{"line":12,"column":2},"end":{"line":14,"column":3}},{"start":{},"end":{}}],"line":12},"1":{"loc":{"start":{"line":22,"column":2},"end":{"line":22,"column":43}},"type":"if","locations":[{"start":{"line":22,"column":2},"end":{"line":22,"column":43}},{"start":{},"end":{}}],"line":22},"2":{"loc":{"start":{"line":25,"column":2},"end":{"line":25,"column":41}},"type":"if","locations":[{"start":{"line":25,"column":2},"end":{"line":25,"column":41}},{"start":{},"end":{}}],"line":25},"3":{"loc":{"start":{"line":35,"column":2},"end":{"line":35,"column":45}},"type":"if","locations":[{"start":{"line":35,"column":2},"end":{"line":35,"column":45}},{"start":{},"end":{}}],"line":35},"4":{"loc":{"start":{"line":38,"column":2},"end":{"line":38,"column":35}},"type":"if","locations":[{"start":{"line":38,"column":2},"end":{"line":38,"column":35}},{"start":{},"end":{}}],"line":38},"5":{"loc":{"start":{"line":44,"column":2},"end":{"line":44,"column":38}},"type":"if","locations":[{"start":{"line":44,"column":2},"end":{"line":44,"column":38}},{"start":{},"end":{}}],"line":44},"6":{"loc":{"start":{"line":45,"column":2},"end":{"line":45,"column":46}},"type":"if","locations":[{"start":{"line":45,"column":2},"end":{"line":45,"column":46}},{"start":{},"end":{}}],"line":45},"7":{"loc":{"start":{"line":46,"column":2},"end":{"line":46,"column":48}},"type":"if","locations":[{"start":{"line":46,"column":2},"end":{"line":46,"column":48}},{"start":{},"end":{}}],"line":46},"8":{"loc":{"start":{"line":47,"column":2},"end":{"line":47,"column":40}},"type":"if","locations":[{"start":{"line":47,"column":2},"end":{"line":47,"column":40}},{"start":{},"end":{}}],"line":47},"9":{"loc":{"start":{"line":48,"column":2},"end":{"line":48,"column":45}},"type":"if","locations":[{"start":{"line":48,"column":2},"end":{"line":48,"column":45}},{"start":{},"end":{}}],"line":48},"10":{"loc":{"start":{"line":57,"column":2},"end":{"line":57,"column":35}},"type":"if","locations":[{"start":{"line":57,"column":2},"end":{"line":57,"column":35}},{"start":{},"end":{}}],"line":57},"11":{"loc":{"start":{"line":58,"column":2},"end":{"line":58,"column":38}},"type":"if","locations":[{"start":{"line":58,"column":2},"end":{"line":58,"column":38}},{"start":{},"end":{}}],"line":58},"12":{"loc":{"start":{"line":59,"column":2},"end":{"line":59,"column":40}},"type":"if","locations":[{"start":{"line":59,"column":2},"end":{"line":59,"column":40}},{"start":{},"end":{}}],"line":59},"13":{"loc":{"start":{"line":60,"column":2},"end":{"line":60,"column":38}},"type":"if","locations":[{"start":{"line":60,"column":2},"end":{"line":60,"column":38}},{"start":{},"end":{}}],"line":60},"14":{"loc":{"start":{"line":69,"column":2},"end":{"line":69,"column":33}},"type":"if","locations":[{"start":{"line":69,"column":2},"end":{"line":69,"column":33}},{"start":{},"end":{}}],"line":69},"15":{"loc":{"start":{"line":70,"column":2},"end":{"line":70,"column":35}},"type":"if","locations":[{"start":{"line":70,"column":2},"end":{"line":70,"column":35}},{"start":{},"end":{}}],"line":70},"16":{"loc":{"start":{"line":71,"column":2},"end":{"line":71,"column":33}},"type":"if","locations":[{"start":{"line":71,"column":2},"end":{"line":71,"column":33}},{"start":{},"end":{}}],"line":71},"17":{"loc":{"start":{"line":80,"column":2},"end":{"line":80,"column":50}},"type":"if","locations":[{"start":{"line":80,"column":2},"end":{"line":80,"column":50}},{"start":{},"end":{}}],"line":80},"18":{"loc":{"start":{"line":95,"column":4},"end":{"line":97,"column":46}},"type":"binary-expr","locations":[{"start":{"line":95,"column":4},"end":{"line":95,"column":38}},{"start":{"line":96,"column":4},"end":{"line":96,"column":40}},{"start":{"line":97,"column":4},"end":{"line":97,"column":46}}],"line":95}},"s":{"0":12,"1":12,"2":12,"3":12,"4":12,"5":29,"6":12,"7":5,"8":7,"9":12,"10":4,"11":8,"12":8,"13":8,"14":4,"15":4,"16":13,"17":13,"18":13,"19":2,"20":11,"21":11,"22":0,"23":11,"24":11,"25":11,"26":11,"27":11,"28":2,"29":9,"30":2,"31":7,"32":2,"33":5,"34":1,"35":4,"36":2,"37":2,"38":12,"39":12,"40":1,"41":11,"42":2,"43":9,"44":3,"45":6,"46":3,"47":3,"48":9,"49":9,"50":3,"51":6,"52":2,"53":4,"54":2,"55":2,"56":6,"57":6,"58":1,"59":5,"60":7,"61":7,"62":7,"63":15,"64":15,"65":15,"66":15,"67":15},"f":{"0":12,"1":29,"2":12,"3":13,"4":12,"5":9,"6":6,"7":7,"8":15},"b":{"0":[5,7],"1":[4,8],"2":[4,4],"3":[2,11],"4":[0,11],"5":[2,9],"6":[2,7],"7":[2,5],"8":[1,4],"9":[2,2],"10":[1,11],"11":[2,9],"12":[3,6],"13":[3,3],"14":[3,6],"15":[2,4],"16":[2,2],"17":[1,5],"18":[7,5,4]},"_coverageSchema":"1a1c01bbd47fc00a2c39e90264f33305004495a9","hash":"8ef16d5ad0012d33c176636905a4e454334399e8"}
}
