TN:
SF:src/components/ErrorBoundary.tsx
FN:16,(anonymous_0)
FN:21,(anonymous_1)
FN:25,(anonymous_2)
FN:31,(anonymous_3)
FN:35,(anonymous_4)
FNF:5
FNH:5
FNDA:9,(anonymous_0)
FNDA:10,(anonymous_1)
FNDA:5,(anonymous_2)
FNDA:1,(anonymous_3)
FNDA:21,(anonymous_4)
DA:17,9
DA:18,9
DA:22,10
DA:26,5
DA:31,9
DA:32,1
DA:36,21
DA:37,10
DA:38,2
DA:41,8
DA:72,11
LF:11
LH:11
BRDA:27,0,0,5
BRDA:27,0,1,0
BRDA:36,1,0,10
BRDA:36,1,1,11
BRDA:37,2,0,2
BRDA:37,2,1,8
BRF:6
BRH:5
end_of_record
TN:
SF:src/components/chat/MessageBubble.tsx
FN:13,formatTimestamp
FN:27,MessageBubble
FN:30,(anonymous_2)
FN:37,(anonymous_3)
FNF:4
FNH:0
FNDA:0,formatTimestamp
FNDA:0,MessageBubble
FNDA:0,(anonymous_2)
FNDA:0,(anonymous_3)
DA:14,0
DA:15,0
DA:16,0
DA:17,0
DA:18,0
DA:20,0
DA:21,0
DA:22,0
DA:24,0
DA:28,0
DA:30,0
DA:31,0
DA:32,0
DA:37,0
DA:42,0
LF:15
LH:0
BRDA:20,0,0,0
BRDA:20,0,1,0
BRDA:21,1,0,0
BRDA:21,1,1,0
BRDA:22,2,0,0
BRDA:22,2,1,0
BRDA:31,3,0,0
BRDA:31,3,1,0
BRDA:31,4,0,0
BRDA:31,4,1,0
BRDA:43,5,0,0
BRDA:43,5,1,0
BRDA:46,6,0,0
BRDA:46,6,1,0
BRDA:48,7,0,0
BRDA:48,7,1,0
BRDA:49,8,0,0
BRDA:49,8,1,0
BRDA:49,9,0,0
BRDA:49,9,1,0
BRDA:51,10,0,0
BRDA:51,10,1,0
BRF:22
BRH:0
end_of_record
TN:
SF:src/components/chat/QuickActions.tsx
FN:17,QuickActions
FN:20,(anonymous_1)
FN:35,(anonymous_2)
FN:38,(anonymous_3)
FNF:4
FNH:0
FNDA:0,QuickActions
FNDA:0,(anonymous_1)
FNDA:0,(anonymous_2)
FNDA:0,(anonymous_3)
DA:5,0
DA:18,0
DA:20,0
DA:21,0
DA:22,0
DA:23,0
DA:25,0
DA:28,0
DA:36,0
DA:38,0
LF:10
LH:0
BRDA:21,0,0,0
BRDA:21,0,1,0
BRDA:40,1,0,0
BRDA:40,1,1,0
BRDA:45,2,0,0
BRDA:45,2,1,0
BRF:6
BRH:0
end_of_record
TN:
SF:src/components/checkin/EnergySelector.tsx
FN:50,EnergySelector
FN:53,(anonymous_1)
FN:58,(anonymous_2)
FNF:3
FNH:0
FNDA:0,EnergySelector
FNDA:0,(anonymous_1)
FNDA:0,(anonymous_2)
DA:14,0
DA:51,0
DA:54,0
DA:55,0
DA:58,0
LF:5
LH:0
BRDA:60,0,0,0
BRDA:60,0,1,0
BRDA:61,1,0,0
BRDA:61,1,1,0
BRDA:62,2,0,0
BRDA:62,2,1,0
BRDA:69,3,0,0
BRDA:69,3,1,0
BRF:8
BRH:0
end_of_record
TN:
SF:src/components/checkin/TaskBreakdown.tsx
FN:18,DifficultyIndicator
FN:34,TaskBreakdown
FN:37,(anonymous_2)
FN:48,(anonymous_3)
FN:82,(anonymous_4)
FNF:5
FNH:0
FNDA:0,DifficultyIndicator
FNDA:0,TaskBreakdown
FNDA:0,(anonymous_2)
FNDA:0,(anonymous_3)
FNDA:0,(anonymous_4)
DA:19,0
DA:25,0
DA:27,0
DA:35,0
DA:38,0
DA:48,0
DA:82,0
LF:7
LH:0
BRDA:41,0,0,0
BRDA:41,0,1,0
BRDA:50,1,0,0
BRDA:50,1,1,0
BRDA:58,2,0,0
BRDA:58,2,1,0
BRDA:66,3,0,0
BRDA:66,3,1,0
BRF:8
BRH:0
end_of_record
TN:
SF:src/components/home/ActivityFeed.tsx
FN:18,getActivityIcon
FN:35,ActivityFeed
FN:54,(anonymous_2)
FNF:3
FNH:0
FNDA:0,getActivityIcon
FNDA:0,ActivityFeed
FNDA:0,(anonymous_2)
DA:19,0
DA:21,0
DA:23,0
DA:25,0
DA:27,0
DA:29,0
DA:31,0
DA:36,0
DA:37,0
DA:50,0
DA:55,0
DA:56,0
DA:58,0
LF:13
LH:0
BRDA:19,0,0,0
BRDA:19,0,1,0
BRDA:19,0,2,0
BRDA:19,0,3,0
BRDA:19,0,4,0
BRDA:19,0,5,0
BRDA:36,1,0,0
BRDA:36,1,1,0
BRDA:61,2,0,0
BRDA:61,2,1,0
BRF:10
BRH:0
end_of_record
TN:
SF:src/components/home/GoalCard.tsx
FN:17,GoalCard
FN:18,(anonymous_1)
FN:41,(anonymous_2)
FN:44,(anonymous_3)
FNF:4
FNH:0
FNDA:0,GoalCard
FNDA:0,(anonymous_1)
FNDA:0,(anonymous_2)
FNDA:0,(anonymous_3)
DA:18,0
DA:19,0
DA:20,0
DA:22,0
DA:42,0
DA:44,0
LF:6
LH:0
BRDA:20,0,0,0
BRDA:20,0,1,0
BRDA:52,1,0,0
BRDA:52,1,1,0
BRDA:55,2,0,0
BRDA:55,2,1,0
BRDA:59,3,0,0
BRDA:59,3,1,0
BRF:8
BRH:0
end_of_record
TN:
SF:src/components/home/GreetingHeader.tsx
FN:10,formatDate
FN:18,GreetingHeader
FNF:2
FNH:0
FNDA:0,formatDate
FNDA:0,GreetingHeader
DA:11,0
DA:19,0
DA:20,0
DA:24,0
DA:26,0
LF:5
LH:0
BRDA:24,0,0,0
BRDA:24,0,1,0
BRDA:24,1,0,0
BRDA:24,1,1,0
BRDA:33,2,0,0
BRDA:33,2,1,0
BRF:6
BRH:0
end_of_record
TN:
SF:src/components/home/QuickActions.tsx
FN:20,QuickActions
FN:72,(anonymous_1)
FNF:2
FNH:0
FNDA:0,QuickActions
FNDA:0,(anonymous_1)
DA:27,0
DA:58,0
DA:59,0
DA:68,0
DA:73,0
LF:5
LH:0
BRDA:58,0,0,0
BRDA:58,0,1,0
BRF:2
BRH:0
end_of_record
TN:
SF:src/components/home/StatCards.tsx
FN:9,StatCards
FNF:1
FNH:0
FNDA:0,StatCards
DA:10,0
LF:1
LH:0
BRF:0
BRH:0
end_of_record
TN:
SF:src/components/home/TrustScoreWidget.tsx
FN:8,getScoreLabel
FN:15,getScoreColor
FN:22,TrustScoreWidget
FNF:3
FNH:0
FNDA:0,getScoreLabel
FNDA:0,getScoreColor
FNDA:0,TrustScoreWidget
DA:9,0
DA:10,0
DA:11,0
DA:12,0
DA:16,0
DA:17,0
DA:18,0
DA:19,0
DA:23,0
DA:24,0
DA:26,0
LF:11
LH:0
BRDA:9,0,0,0
BRDA:9,0,1,0
BRDA:10,1,0,0
BRDA:10,1,1,0
BRDA:11,2,0,0
BRDA:11,2,1,0
BRDA:16,3,0,0
BRDA:16,3,1,0
BRDA:17,4,0,0
BRDA:17,4,1,0
BRDA:18,5,0,0
BRDA:18,5,1,0
BRF:12
BRH:0
end_of_record
TN:
SF:src/components/shared/TypingIndicator.tsx
FN:4,TypingIndicator
FN:9,(anonymous_1)
FN:10,(anonymous_2)
FN:35,(anonymous_3)
FN:46,(anonymous_4)
FNF:5
FNH:0
FNDA:0,TypingIndicator
FNDA:0,(anonymous_1)
FNDA:0,(anonymous_2)
FNDA:0,(anonymous_3)
FNDA:0,(anonymous_4)
DA:5,0
DA:6,0
DA:7,0
DA:9,0
DA:10,0
DA:11,0
DA:27,0
DA:28,0
DA:29,0
DA:31,0
DA:32,0
DA:33,0
DA:35,0
DA:36,0
DA:37,0
DA:38,0
DA:40,0
DA:41,0
DA:42,0
DA:46,0
DA:66,0
LF:21
LH:0
BRF:0
BRH:0
end_of_record
TN:
SF:src/components/timer/TimerControls.tsx
FN:11,TimerControls
FN:20,(anonymous_1)
FN:52,(anonymous_2)
FNF:3
FNH:0
FNDA:0,TimerControls
FNDA:0,(anonymous_1)
FNDA:0,(anonymous_2)
DA:12,0
DA:20,0
DA:52,0
LF:3
LH:0
BRDA:16,0,0,0
BRDA:16,0,1,0
BRDA:18,1,0,0
BRDA:18,1,1,0
BRDA:20,2,0,0
BRDA:20,2,1,0
BRDA:22,3,0,0
BRDA:22,3,1,0
BRDA:24,4,0,0
BRDA:24,4,1,0
BRDA:52,5,0,0
BRDA:52,5,1,0
BRF:12
BRH:0
end_of_record
TN:
SF:src/components/timer/TimerDisplay.tsx
FN:11,formatPlannedTime
FN:24,TimerDisplay
FNF:2
FNH:0
FNDA:0,formatPlannedTime
FNDA:0,TimerDisplay
DA:12,0
DA:13,0
DA:14,0
DA:15,0
DA:16,0
DA:17,0
DA:18,0
DA:21,0
DA:29,0
LF:9
LH:0
BRDA:13,0,0,0
BRDA:13,0,1,0
BRDA:33,1,0,0
BRDA:33,1,1,0
BRDA:41,2,0,0
BRDA:41,2,1,0
BRF:6
BRH:0
end_of_record
TN:
SF:src/components/ui/Avatar.tsx
FN:18,getInitials
FN:25,Avatar
FN:38,(anonymous_2)
FNF:3
FNH:0
FNDA:0,getInitials
FNDA:0,Avatar
FNDA:0,(anonymous_2)
DA:12,0
DA:19,0
DA:20,0
DA:21,0
DA:22,0
DA:26,0
DA:27,0
DA:28,0
DA:30,0
DA:31,0
DA:38,0
DA:43,0
LF:12
LH:0
BRDA:19,0,0,0
BRDA:19,0,1,0
BRDA:21,1,0,0
BRDA:21,1,1,0
BRDA:25,2,0,0
BRDA:30,3,0,0
BRDA:30,3,1,0
BRDA:30,4,0,0
BRDA:30,4,1,0
BRF:9
BRH:0
end_of_record
TN:
SF:src/components/ui/Badge.tsx
FN:34,Badge
FNF:1
FNH:0
FNDA:0,Badge
DA:11,0
DA:35,0
DA:37,0
LF:3
LH:0
BRDA:34,0,0,0
BRF:1
BRH:0
end_of_record
TN:
SF:src/components/ui/BottomSheet.tsx
FN:18,BottomSheet
FNF:1
FNH:0
FNDA:0,BottomSheet
DA:24,0
LF:1
LH:0
BRDA:40,0,0,0
BRDA:40,0,1,0
BRDA:50,1,0,0
BRDA:50,1,1,0
BRF:4
BRH:0
end_of_record
TN:
SF:src/components/ui/Button.tsx
FN:71,(anonymous_0)
FN:103,(anonymous_1)
FNF:2
FNH:2
FNDA:17,(anonymous_0)
FNDA:17,(anonymous_1)
DA:27,1
DA:55,1
DA:70,1
DA:85,17
DA:86,17
DA:88,17
DA:103,17
DA:129,1
LF:8
LH:8
BRDA:75,0,0,13
BRDA:76,1,0,17
BRDA:77,2,0,15
BRDA:78,3,0,13
BRDA:80,4,0,17
BRDA:92,5,0,17
BRDA:92,5,1,15
BRDA:95,6,0,17
BRDA:95,6,1,15
BRDA:100,7,0,0
BRDA:100,7,1,17
BRDA:101,8,0,2
BRDA:101,8,1,15
BRDA:104,9,0,0
BRDA:104,9,1,17
BRDA:104,10,0,17
BRDA:104,10,1,0
BRDA:104,10,2,0
BRDA:108,11,0,4
BRDA:108,11,1,13
BRDA:111,12,0,0
BRDA:111,12,1,4
BRDA:111,13,0,4
BRDA:111,13,1,4
BRDA:116,14,0,13
BRDA:116,14,1,1
BRF:26
BRH:21
end_of_record
TN:
SF:src/components/ui/Card.tsx
FN:20,(anonymous_0)
FN:40,(anonymous_1)
FNF:2
FNH:2
FNDA:12,(anonymous_0)
FNDA:4,(anonymous_1)
DA:13,1
DA:19,1
DA:22,12
DA:32,12
DA:33,4
DA:40,4
DA:48,8
DA:60,1
LF:8
LH:8
BRDA:20,0,0,10
BRDA:23,1,0,12
BRDA:23,1,1,3
BRDA:32,2,0,4
BRDA:32,2,1,8
BRDA:38,3,0,4
BRDA:38,3,1,3
BRDA:40,4,0,0
BRDA:40,4,1,4
BRF:9
BRH:8
end_of_record
TN:
SF:src/components/ui/EmptyState.tsx
FN:13,EmptyState
FNF:1
FNH:0
FNDA:0,EmptyState
DA:20,0
LF:1
LH:0
BRDA:25,0,0,0
BRDA:25,0,1,0
BRDA:34,1,0,0
BRDA:34,1,1,0
BRDA:40,2,0,0
BRDA:40,2,1,0
BRDA:40,2,2,0
BRF:7
BRH:0
end_of_record
TN:
SF:src/components/ui/Input.tsx
FN:12,(anonymous_0)
FN:45,(anonymous_1)
FN:49,(anonymous_2)
FN:68,(anonymous_3)
FN:68,(anonymous_4)
FNF:5
FNH:0
FNDA:0,(anonymous_0)
FNDA:0,(anonymous_1)
FNDA:0,(anonymous_2)
FNDA:0,(anonymous_3)
FNDA:0,(anonymous_4)
DA:11,0
DA:22,0
DA:23,0
DA:25,0
DA:31,0
DA:46,0
DA:47,0
DA:50,0
DA:51,0
DA:68,0
DA:97,0
LF:11
LH:0
BRDA:17,0,0,0
BRDA:25,1,0,0
BRDA:25,1,1,0
BRDA:27,2,0,0
BRDA:27,2,1,0
BRDA:33,3,0,0
BRDA:33,3,1,0
BRDA:53,4,0,0
BRDA:53,4,1,0
BRDA:61,5,0,0
BRDA:61,5,1,0
BRDA:66,6,0,0
BRDA:66,6,1,0
BRDA:70,7,0,0
BRDA:70,7,1,0
BRDA:74,8,0,0
BRDA:74,8,1,0
BRDA:80,9,0,0
BRDA:80,9,1,0
BRDA:89,10,0,0
BRDA:89,10,1,0
BRDA:89,10,2,0
BRF:22
BRH:0
end_of_record
TN:
SF:src/components/ui/LoadingScreen.tsx
FN:8,LoadingScreen
FNF:1
FNH:0
FNDA:0,LoadingScreen
DA:9,0
LF:1
LH:0
BRDA:13,0,0,0
BRDA:13,0,1,0
BRDA:16,1,0,0
BRDA:16,1,1,0
BRF:4
BRH:0
end_of_record
TN:
SF:src/components/ui/ProgressBar.tsx
FN:19,ProgressBar
FN:27,(anonymous_1)
FN:35,(anonymous_2)
FNF:3
FNH:0
FNDA:0,ProgressBar
FNDA:0,(anonymous_1)
FNDA:0,(anonymous_2)
DA:24,0
DA:25,0
DA:27,0
DA:28,0
DA:35,0
DA:39,0
LF:6
LH:0
BRDA:21,0,0,0
BRDA:22,1,0,0
BRF:2
BRH:0
end_of_record
TN:
SF:src/components/ui/SafeView.tsx
FN:11,SafeView
FNF:1
FNH:0
FNDA:0,SafeView
DA:12,0
LF:1
LH:0
BRDA:11,0,0,0
BRF:1
BRH:0
end_of_record
TN:
SF:src/components/ui/index.ts
FNF:0
FNH:0
LF:0
LH:0
BRF:0
BRH:0
end_of_record
TN:
SF:src/hooks/useAppState.ts
FN:6,useAppState
FN:15,(anonymous_1)
FN:16,(anonymous_2)
FN:34,(anonymous_3)
FNF:4
FNH:4
FNDA:7,useAppState
FNDA:7,(anonymous_1)
FNDA:4,(anonymous_2)
FNDA:7,(anonymous_3)
DA:7,7
DA:8,7
DA:9,7
DA:12,7
DA:13,7
DA:15,7
DA:16,7
DA:17,4
DA:21,2
DA:24,4
DA:28,1
DA:31,4
DA:34,7
DA:35,7
DA:39,7
LF:15
LH:15
BRDA:17,0,0,2
BRDA:17,0,1,2
BRDA:18,1,0,4
BRDA:18,1,1,2
BRDA:24,2,0,1
BRDA:24,2,1,3
BRDA:25,3,0,4
BRDA:25,3,1,2
BRF:8
BRH:8
end_of_record
TN:
SF:src/lib/fireAndForget.ts
FN:10,fireAndForget
FN:11,(anonymous_1)
FNF:2
FNH:0
FNDA:0,fireAndForget
FNDA:0,(anonymous_1)
DA:11,0
DA:12,0
LF:2
LH:0
BRDA:12,0,0,0
BRDA:12,0,1,0
BRF:2
BRH:0
end_of_record
TN:
SF:src/lib/mmkv.ts
FN:28,getTimerState
FN:39,setTimerState
FN:43,clearTimerState
FN:53,setLastActivity
FN:57,getLastActivity
FN:62,clearLastActivity
FNF:6
FNH:6
FNDA:6,getTimerState
FNDA:4,setTimerState
FNDA:1,clearTimerState
FNDA:2,setLastActivity
FNDA:3,getLastActivity
FNDA:1,clearLastActivity
DA:2,1
DA:4,1
DA:26,1
DA:29,6
DA:30,6
DA:32,3
DA:33,3
DA:35,1
DA:40,4
DA:44,1
DA:51,1
DA:54,2
DA:58,3
DA:59,3
DA:63,1
LF:15
LH:15
BRDA:30,0,0,3
BRDA:30,0,1,3
BRDA:59,1,0,3
BRDA:59,1,1,2
BRF:4
BRH:4
end_of_record
TN:
SF:src/lib/sentry.ts
FN:12,initSentry
FN:25,(anonymous_1)
FN:39,captureError
FN:45,(anonymous_3)
FN:46,(anonymous_4)
FN:59,setSentryUser
FN:71,addBreadcrumb
FN:83,setSentryEnabled
FNF:8
FNH:1
FNDA:0,initSentry
FNDA:0,(anonymous_1)
FNDA:2,captureError
FNDA:0,(anonymous_3)
FNDA:0,(anonymous_4)
FNDA:0,setSentryUser
FNDA:0,addBreadcrumb
FNDA:0,setSentryEnabled
DA:3,7
DA:13,0
DA:14,0
DA:15,0
DA:18,0
DA:27,0
DA:28,0
DA:29,0
DA:31,0
DA:40,2
DA:41,2
DA:42,2
DA:44,0
DA:45,0
DA:46,0
DA:47,0
DA:49,0
DA:52,0
DA:60,0
DA:61,0
DA:62,0
DA:64,0
DA:76,0
DA:77,0
DA:84,0
DA:85,0
DA:86,0
DA:87,0
LF:28
LH:4
BRDA:13,0,0,0
BRDA:13,0,1,0
BRDA:23,1,0,0
BRDA:23,1,1,0
BRDA:27,2,0,0
BRDA:27,2,1,0
BRDA:40,3,0,2
BRDA:40,3,1,0
BRDA:44,4,0,0
BRDA:44,4,1,0
BRDA:60,5,0,0
BRDA:60,5,1,0
BRDA:61,6,0,0
BRDA:61,6,1,0
BRDA:74,7,0,0
BRDA:76,8,0,0
BRDA:76,8,1,0
BRDA:84,9,0,0
BRDA:84,9,1,0
BRDA:86,10,0,0
BRDA:86,10,1,0
BRF:21
BRH:1
end_of_record
TN:
SF:src/lib/supabase.ts
FN:6,(anonymous_0)
FN:9,(anonymous_1)
FN:12,(anonymous_2)
FNF:3
FNH:0
FNDA:0,(anonymous_0)
FNDA:0,(anonymous_1)
FNDA:0,(anonymous_2)
DA:5,15
DA:7,0
DA:10,0
DA:13,0
DA:17,15
DA:18,15
DA:20,15
DA:21,0
DA:26,15
LF:9
LH:5
BRDA:20,0,0,0
BRDA:20,0,1,15
BRDA:20,1,0,15
BRDA:20,1,1,15
BRF:4
BRH:3
end_of_record
TN:
SF:src/lib/timeout.ts
FN:9,(anonymous_0)
FN:15,withTimeout
FN:17,(anonymous_2)
FN:18,(anonymous_3)
FN:20,(anonymous_4)
FNF:5
FNH:3
FNDA:0,(anonymous_0)
FNDA:5,withTimeout
FNDA:5,(anonymous_2)
FNDA:0,(anonymous_3)
FNDA:5,(anonymous_4)
DA:10,0
DA:11,0
DA:17,5
DA:18,5
DA:20,5
DA:24,1
LF:6
LH:4
BRF:0
BRH:0
end_of_record
TN:
SF:src/services/auth.service.ts
FN:7,signUp
FN:38,signIn
FN:50,signOut
FN:58,resetPassword
FN:66,getCurrentSession
FN:75,onAuthStateChange
FNF:6
FNH:6
FNDA:3,signUp
FNDA:3,signIn
FNDA:2,signOut
FNDA:2,resetPassword
FNDA:2,getCurrentSession
FNDA:1,onAuthStateChange
DA:8,3
DA:13,3
DA:16,2
DA:17,2
DA:29,2
DA:32,1
DA:39,3
DA:43,3
DA:44,1
DA:51,2
DA:52,2
DA:59,2
DA:60,2
DA:67,2
DA:68,2
DA:69,2
DA:78,1
DA:79,1
LF:18
LH:18
BRDA:11,0,0,0
BRDA:11,0,1,3
BRDA:13,1,0,1
BRDA:13,1,1,2
BRDA:16,2,0,2
BRDA:16,2,1,0
BRDA:19,3,0,2
BRDA:19,3,1,2
BRDA:29,4,0,1
BRDA:29,4,1,1
BRDA:43,5,0,2
BRDA:43,5,1,1
BRDA:52,6,0,1
BRDA:52,6,1,1
BRDA:60,7,0,1
BRDA:60,7,1,1
BRDA:68,8,0,0
BRDA:68,8,1,2
BRF:18
BRH:15
end_of_record
TN:
SF:src/services/chat.service.ts
FN:13,sendMessage
FN:32,getMessages
FN:51,deleteMessage
FN:63,clearHistory
FNF:4
FNH:4
FNDA:2,sendMessage
FNDA:3,getMessages
FNDA:2,deleteMessage
FNDA:1,clearHistory
DA:19,2
DA:25,2
DA:26,1
DA:37,3
DA:43,3
DA:44,2
DA:52,2
DA:57,2
DA:64,1
DA:65,1
LF:10
LH:10
BRDA:25,0,0,1
BRDA:25,0,1,1
BRDA:43,1,0,1
BRDA:43,1,1,2
BRDA:57,2,0,1
BRDA:57,2,1,1
BRDA:65,3,0,0
BRDA:65,3,1,1
BRF:8
BRH:7
end_of_record
TN:
SF:src/services/checkin.service.ts
FN:9,getTodayCheckIn
FN:25,startCheckIn
FN:66,getRecentCheckIns
FNF:3
FNH:3
FNDA:3,getTodayCheckIn
FNDA:2,startCheckIn
FNDA:3,getRecentCheckIns
DA:10,3
DA:11,3
DA:17,3
DA:18,2
DA:31,2
DA:37,2
DA:42,1
DA:44,1
DA:47,1
DA:48,0
DA:54,0
DA:60,1
DA:68,3
DA:69,3
DA:70,3
DA:71,3
DA:72,3
DA:73,3
DA:74,3
DA:76,3
DA:82,3
DA:83,2
LF:22
LH:20
BRDA:17,0,0,1
BRDA:17,0,1,2
BRDA:37,1,0,1
BRDA:37,1,1,1
BRDA:47,2,0,0
BRDA:47,2,1,1
BRDA:54,3,0,0
BRDA:54,3,1,0
BRDA:82,4,0,1
BRDA:82,4,1,2
BRF:10
BRH:7
end_of_record
TN:
SF:src/services/goals.service.ts
FN:7,getActiveGoal
FN:24,createGoal
FN:57,archiveGoal
FN:75,getGoals
FNF:4
FNH:4
FNDA:3,getActiveGoal
FNDA:2,createGoal
FNDA:2,archiveGoal
FNDA:1,getGoals
DA:8,3
DA:17,3
DA:18,2
DA:30,2
DA:35,2
DA:36,1
DA:38,1
DA:49,1
DA:50,1
DA:58,2
DA:68,2
DA:69,1
DA:76,1
DA:82,1
DA:83,1
DA:86,1
DA:87,1
DA:88,1
LF:18
LH:18
BRDA:17,0,0,1
BRDA:17,0,1,2
BRDA:35,1,0,1
BRDA:35,1,1,1
BRDA:43,2,0,1
BRDA:43,2,1,0
BRDA:49,3,0,0
BRDA:49,3,1,1
BRDA:68,4,0,1
BRDA:68,4,1,1
BRDA:75,5,0,1
BRDA:82,6,0,1
BRDA:82,6,1,0
BRDA:87,7,0,0
BRDA:87,7,1,1
BRF:15
BRH:11
end_of_record
TN:
SF:src/services/index.ts
FNF:0
FNH:0
LF:0
LH:0
BRF:0
BRH:0
end_of_record
TN:
SF:src/services/profile.service.ts
FN:19,getProfile
FN:28,updateProfile
FN:43,completeOnboarding
FN:69,deleteAccount
FNF:4
FNH:4
FNDA:2,getProfile
FNDA:4,updateProfile
FNDA:3,completeOnboarding
FNDA:2,deleteAccount
DA:20,2
DA:21,2
DA:22,1
DA:29,4
DA:35,4
DA:36,3
DA:52,3
DA:59,3
DA:62,2
DA:70,2
DA:72,2
DA:76,2
DA:79,1
LF:13
LH:13
BRDA:21,0,0,1
BRDA:21,0,1,1
BRDA:35,1,0,1
BRDA:35,1,1,3
BRDA:56,2,0,3
BRDA:56,2,1,2
BRDA:59,3,0,1
BRDA:59,3,1,2
BRDA:62,4,0,1
BRDA:62,4,1,1
BRDA:76,5,0,1
BRDA:76,5,1,1
BRF:12
BRH:12
end_of_record
TN:
SF:src/services/promises.service.ts
FN:9,getTodayPromise
FN:24,createPromise
FN:44,updatePromise
FN:71,getPromiseHistory
FN:104,calculateTrustScore
FN:108,(anonymous_5)
FN:109,(anonymous_6)
FN:115,(anonymous_7)
FN:116,(anonymous_8)
FNF:9
FNH:9
FNDA:2,getTodayPromise
FNDA:2,createPromise
FNDA:2,updatePromise
FNDA:7,getPromiseHistory
FNDA:6,calculateTrustScore
FNDA:40,(anonymous_5)
FNDA:39,(anonymous_6)
FNDA:40,(anonymous_7)
FNDA:86,(anonymous_8)
DA:10,2
DA:11,2
DA:17,2
DA:18,2
DA:25,2
DA:26,2
DA:37,2
DA:38,1
DA:50,2
DA:54,2
DA:55,0
DA:57,2
DA:64,2
DA:65,2
DA:73,7
DA:74,7
DA:75,7
DA:76,7
DA:77,7
DA:78,7
DA:79,7
DA:81,7
DA:87,7
DA:88,7
DA:105,6
DA:108,40
DA:109,39
DA:110,6
DA:113,6
DA:114,6
DA:115,40
DA:116,86
DA:117,6
DA:118,33
DA:119,31
DA:121,2
DA:125,6
DA:128,6
DA:130,6
DA:132,6
DA:135,6
DA:139,6
DA:140,0
DA:146,6
LF:44
LH:42
BRDA:17,0,0,0
BRDA:17,0,1,2
BRDA:37,1,0,1
BRDA:37,1,1,1
BRDA:54,2,0,0
BRDA:54,2,1,2
BRDA:64,3,0,0
BRDA:64,3,1,2
BRDA:87,4,0,0
BRDA:87,4,1,7
BRDA:110,5,0,3
BRDA:110,5,1,3
BRDA:118,6,0,31
BRDA:118,6,1,2
BRDA:139,7,0,0
BRDA:139,7,1,6
BRF:16
BRH:11
end_of_record
TN:
SF:src/services/sessions.service.ts
FN:9,createSession
FN:49,updateSession
FN:68,endSession
FN:98,getRecentSessions
FN:121,getSessionStats
FN:135,(anonymous_5)
FNF:6
FNH:6
FNDA:2,createSession
FNDA:1,updateSession
FNDA:2,endSession
FNDA:2,getRecentSessions
FNDA:4,getSessionStats
FNDA:5,(anonymous_5)
DA:15,2
DA:33,2
DA:34,1
DA:54,1
DA:61,1
DA:62,1
DA:76,2
DA:87,2
DA:88,0
DA:90,2
DA:91,2
DA:92,1
DA:100,2
DA:107,2
DA:108,1
DA:124,4
DA:131,4
DA:133,4
DA:134,4
DA:135,5
DA:136,4
DA:138,4
DA:139,4
DA:140,5
DA:141,4
DA:145,4
LF:26
LH:25
BRDA:33,0,0,1
BRDA:33,0,1,1
BRDA:61,1,0,0
BRDA:61,1,1,1
BRDA:83,2,0,2
BRDA:83,2,1,1
BRDA:87,3,0,0
BRDA:87,3,1,2
BRDA:91,4,0,1
BRDA:91,4,1,1
BRDA:107,5,0,1
BRDA:107,5,1,1
BRDA:131,6,0,0
BRDA:131,6,1,4
BRDA:133,7,0,4
BRDA:133,7,1,0
BRDA:136,8,0,2
BRDA:136,8,1,2
BRDA:140,9,0,4
BRDA:140,9,1,1
BRDA:141,10,0,4
BRDA:141,10,1,3
BRF:22
BRH:18
end_of_record
TN:
SF:src/services/shields.service.ts
FN:12,checkAndAwardShield
FN:39,useShield
FN:54,getShieldCount
FNF:3
FNH:3
FNDA:6,checkAndAwardShield
FNDA:4,useShield
FNDA:3,getShieldCount
DA:3,1
DA:4,1
DA:17,6
DA:18,3
DA:19,3
DA:27,3
DA:28,2
DA:30,3
DA:40,4
DA:41,3
DA:48,3
DA:50,2
DA:55,3
DA:60,3
DA:61,2
LF:15
LH:15
BRDA:17,0,0,3
BRDA:17,0,1,3
BRDA:17,1,0,6
BRDA:17,1,1,5
BRDA:17,1,2,4
BRDA:27,2,0,1
BRDA:27,2,1,2
BRDA:27,3,0,3
BRDA:27,3,1,3
BRDA:40,4,0,1
BRDA:40,4,1,3
BRDA:48,5,0,1
BRDA:48,5,1,2
BRDA:50,6,0,2
BRDA:50,6,1,0
BRDA:60,7,0,1
BRDA:60,7,1,2
BRDA:61,8,0,2
BRDA:61,8,1,1
BRF:19
BRH:18
end_of_record
TN:
SF:src/services/subscription.service.ts
FN:13,getSubscription
FN:26,updateSubscription
FN:58,checkTrialStatus
FNF:3
FNH:3
FNDA:10,getSubscription
FNDA:2,updateSubscription
FNDA:7,checkTrialStatus
DA:14,10
DA:19,10
DA:20,8
DA:32,2
DA:35,2
DA:36,2
DA:37,0
DA:39,2
DA:45,2
DA:46,1
DA:59,7
DA:61,6
DA:62,3
DA:65,3
DA:66,3
DA:67,3
DA:68,3
DA:70,3
LF:18
LH:17
BRDA:19,0,0,2
BRDA:19,0,1,8
BRDA:35,1,0,0
BRDA:35,1,1,2
BRDA:36,2,0,0
BRDA:36,2,1,2
BRDA:45,3,0,1
BRDA:45,3,1,1
BRDA:61,4,0,3
BRDA:61,4,1,3
BRDA:61,5,0,6
BRDA:61,5,1,5
BRDA:61,5,2,4
BRF:13
BRH:11
end_of_record
TN:
SF:src/services/tasks.service.ts
FN:8,getTasksForCheckIn
FN:21,getTodayTasks
FN:36,toggleTaskComplete
FN:58,createTask
FNF:4
FNH:4
FNDA:3,getTasksForCheckIn
FNDA:3,getTodayTasks
FNDA:3,toggleTaskComplete
FNDA:3,createTask
DA:9,3
DA:14,3
DA:15,2
DA:22,3
DA:23,3
DA:29,3
DA:30,2
DA:41,3
DA:51,3
DA:52,2
DA:65,3
DA:78,3
DA:79,2
LF:13
LH:13
BRDA:14,0,0,1
BRDA:14,0,1,2
BRDA:29,1,0,1
BRDA:29,1,1,2
BRDA:45,2,0,2
BRDA:45,2,1,1
BRDA:51,3,0,1
BRDA:51,3,1,2
BRDA:78,4,0,1
BRDA:78,4,1,2
BRF:10
BRH:10
end_of_record
TN:
SF:src/stores/authStore.ts
FN:42,deriveAuth
FN:51,(anonymous_1)
FN:61,(anonymous_2)
FN:64,(anonymous_3)
FN:72,(anonymous_4)
FN:82,(anonymous_5)
FN:85,(anonymous_6)
FN:95,(anonymous_7)
FN:108,(anonymous_8)
FN:119,(anonymous_9)
FN:124,(anonymous_10)
FN:134,(anonymous_11)
FNF:12
FNH:8
FNDA:1,deriveAuth
FNDA:5,(anonymous_1)
FNDA:1,(anonymous_2)
FNDA:0,(anonymous_3)
FNDA:0,(anonymous_4)
FNDA:0,(anonymous_5)
FNDA:0,(anonymous_6)
FNDA:2,(anonymous_7)
FNDA:2,(anonymous_8)
FNDA:2,(anonymous_9)
FNDA:2,(anonymous_10)
FNDA:2,(anonymous_11)
DA:46,1
DA:51,5
DA:64,1
DA:65,0
DA:66,0
DA:68,0
DA:70,0
DA:73,0
DA:78,0
DA:82,1
DA:86,0
DA:87,0
DA:88,0
DA:89,0
DA:91,0
DA:96,2
DA:97,2
DA:98,2
DA:102,2
DA:104,2
DA:109,2
DA:110,2
DA:111,2
DA:112,2
DA:113,1
DA:115,2
DA:120,2
DA:121,2
DA:125,2
DA:126,2
DA:128,1
DA:130,1
DA:131,1
DA:135,2
DA:136,2
DA:139,1
DA:140,1
LF:37
LH:26
BRDA:46,0,0,1
BRDA:46,0,1,0
BRDA:65,1,0,0
BRDA:65,1,1,0
BRDA:68,2,0,0
BRDA:68,2,1,0
BRDA:73,3,0,0
BRDA:73,3,1,0
BRDA:89,4,0,0
BRDA:89,4,1,0
BRDA:102,5,0,1
BRDA:102,5,1,1
BRDA:112,6,0,1
BRDA:112,6,1,1
BRDA:121,7,0,1
BRDA:121,7,1,1
BRDA:126,8,0,1
BRDA:126,8,1,1
BRDA:130,9,0,0
BRDA:130,9,1,1
BRDA:136,10,0,1
BRDA:136,10,1,1
BRF:22
BRH:12
end_of_record
TN:
SF:src/stores/chatStore.ts
FN:47,generateMsgId
FN:52,getCachedUserId
FN:60,(anonymous_2)
FN:69,(anonymous_3)
FN:89,(anonymous_4)
FN:90,(anonymous_5)
FN:98,(anonymous_6)
FN:116,(anonymous_7)
FN:147,(anonymous_8)
FN:149,(anonymous_9)
FN:157,(anonymous_10)
FN:165,(anonymous_11)
FN:166,(anonymous_12)
FN:174,(anonymous_13)
FN:187,(anonymous_14)
FN:191,(anonymous_15)
FN:208,(anonymous_16)
FNF:17
FNH:17
FNDA:13,generateMsgId
FNDA:20,getCachedUserId
FNDA:1,(anonymous_2)
FNDA:7,(anonymous_3)
FNDA:2,(anonymous_4)
FNDA:2,(anonymous_5)
FNDA:7,(anonymous_6)
FNDA:5,(anonymous_7)
FNDA:4,(anonymous_8)
FNDA:4,(anonymous_9)
FNDA:4,(anonymous_10)
FNDA:1,(anonymous_11)
FNDA:1,(anonymous_12)
FNDA:4,(anonymous_13)
FNDA:3,(anonymous_14)
FNDA:5,(anonymous_15)
FNDA:11,(anonymous_16)
DA:36,1
DA:39,1
DA:40,1
DA:41,1
DA:46,1
DA:48,13
DA:53,20
DA:54,20
DA:55,17
DA:60,1
DA:70,7
DA:71,7
DA:72,7
DA:74,6
DA:81,6
DA:83,5
DA:84,5
DA:85,3
DA:88,2
DA:89,2
DA:90,2
DA:91,2
DA:94,7
DA:99,7
DA:100,1
DA:103,6
DA:106,5
DA:116,5
DA:121,5
DA:126,5
DA:133,5
DA:136,4
DA:147,4
DA:150,4
DA:157,4
DA:165,1
DA:166,1
DA:168,1
DA:170,5
DA:175,4
DA:176,3
DA:177,3
DA:178,3
DA:180,3
DA:181,2
DA:183,3
DA:188,3
DA:191,5
DA:194,3
DA:195,3
DA:201,3
DA:203,1
DA:204,1
DA:209,11
DA:210,11
DA:213,11
DA:214,1
DA:215,1
DA:218,10
LF:59
LH:59
BRDA:54,0,0,3
BRDA:54,0,1,17
BRDA:69,1,0,5
BRDA:69,2,0,5
BRDA:81,3,0,1
BRDA:81,3,1,5
BRDA:83,4,0,5
BRDA:83,4,1,1
BRDA:84,5,0,3
BRDA:84,5,1,2
BRDA:99,6,0,1
BRDA:99,6,1,6
BRDA:133,7,0,1
BRDA:133,7,1,4
BRDA:140,8,0,4
BRDA:140,8,1,1
BRDA:142,9,0,4
BRDA:142,9,1,3
BRDA:150,10,0,4
BRDA:150,10,1,0
BRDA:180,11,0,1
BRDA:180,11,1,2
BRDA:201,12,0,1
BRDA:201,12,1,2
BRDA:213,13,0,1
BRDA:213,13,1,10
BRF:26
BRH:25
end_of_record
TN:
SF:src/stores/goalStore.ts
FN:31,todayDateString
FN:36,getCachedUserId
FN:44,(anonymous_2)
FN:53,(anonymous_3)
FN:74,(anonymous_4)
FN:96,(anonymous_5)
FN:116,(anonymous_6)
FN:136,(anonymous_7)
FN:155,(anonymous_8)
FN:157,(anonymous_9)
FN:164,(anonymous_10)
FN:188,(anonymous_11)
FN:194,(anonymous_12)
FN:195,(anonymous_13)
FNF:14
FNH:14
FNDA:1,todayDateString
FNDA:17,getCachedUserId
FNDA:1,(anonymous_2)
FNDA:3,(anonymous_3)
FNDA:2,(anonymous_4)
FNDA:3,(anonymous_5)
FNDA:2,(anonymous_6)
FNDA:3,(anonymous_7)
FNDA:5,(anonymous_8)
FNDA:4,(anonymous_9)
FNDA:5,(anonymous_10)
FNDA:1,(anonymous_11)
FNDA:2,(anonymous_12)
FNDA:2,(anonymous_13)
DA:32,1
DA:37,17
DA:38,17
DA:39,17
DA:44,1
DA:54,3
DA:55,3
DA:56,3
DA:58,3
DA:67,3
DA:68,2
DA:70,3
DA:75,2
DA:76,2
DA:77,2
DA:81,2
DA:87,2
DA:88,1
DA:89,1
DA:90,1
DA:92,2
DA:97,3
DA:98,3
DA:99,3
DA:100,3
DA:106,3
DA:108,2
DA:109,1
DA:112,3
DA:117,2
DA:118,2
DA:119,2
DA:120,1
DA:121,1
DA:124,1
DA:132,1
DA:133,1
DA:137,3
DA:138,3
DA:139,3
DA:140,1
DA:141,1
DA:144,2
DA:151,2
DA:152,2
DA:156,5
DA:157,5
DA:158,5
DA:160,4
DA:163,4
DA:165,5
DA:175,4
DA:176,4
DA:185,4
DA:187,1
DA:188,1
DA:190,1
DA:194,2
DA:195,2
LF:59
LH:59
BRDA:38,0,0,0
BRDA:38,0,1,17
BRDA:67,1,0,1
BRDA:67,1,1,2
BRDA:84,2,0,2
BRDA:84,2,1,1
BRDA:87,3,0,1
BRDA:87,3,1,1
BRDA:106,4,0,1
BRDA:106,4,1,2
BRDA:108,5,0,1
BRDA:108,5,1,1
BRDA:119,6,0,1
BRDA:119,6,1,1
BRDA:132,7,0,0
BRDA:132,7,1,1
BRDA:139,8,0,1
BRDA:139,8,1,2
BRDA:151,9,0,0
BRDA:151,9,1,2
BRDA:152,10,0,2
BRDA:152,10,1,1
BRDA:158,11,0,1
BRDA:158,11,1,4
BRDA:165,12,0,4
BRDA:165,12,1,1
BRDA:169,13,0,3
BRDA:169,13,1,1
BRDA:180,14,0,3
BRDA:180,14,1,1
BRDA:185,15,0,1
BRDA:185,15,1,3
BRDA:188,16,0,1
BRDA:188,16,1,0
BRF:34
BRH:30
end_of_record
TN:
SF:src/stores/sessionStore.ts
FN:42,computeElapsed
FN:60,getCachedUserId
FN:68,(anonymous_2)
FN:77,(anonymous_3)
FN:122,(anonymous_4)
FN:148,(anonymous_5)
FN:170,(anonymous_6)
FN:188,(anonymous_7)
FN:203,(anonymous_8)
FN:234,(anonymous_9)
FN:283,(anonymous_10)
FNF:11
FNH:10
FNDA:3,computeElapsed
FNDA:2,getCachedUserId
FNDA:1,(anonymous_2)
FNDA:2,(anonymous_3)
FNDA:3,(anonymous_4)
FNDA:1,(anonymous_5)
FNDA:2,(anonymous_6)
FNDA:1,(anonymous_7)
FNDA:2,(anonymous_8)
FNDA:0,(anonymous_9)
FNDA:3,(anonymous_10)
DA:33,1
DA:43,3
DA:47,3
DA:48,1
DA:49,2
DA:50,2
DA:51,2
DA:53,0
DA:56,3
DA:61,2
DA:62,2
DA:63,1
DA:68,1
DA:78,2
DA:80,1
DA:95,1
DA:101,1
DA:102,1
DA:104,1
DA:112,1
DA:114,1
DA:123,3
DA:124,3
DA:126,1
DA:127,1
DA:128,1
DA:130,1
DA:137,1
DA:140,1
DA:141,1
DA:149,1
DA:150,0
DA:156,1
DA:171,2
DA:172,2
DA:174,1
DA:181,1
DA:183,1
DA:184,1
DA:189,1
DA:190,0
DA:196,1
DA:204,2
DA:205,2
DA:208,1
DA:210,1
DA:222,1
DA:224,1
DA:226,1
DA:235,0
DA:236,0
DA:237,0
DA:243,0
DA:247,0
DA:248,0
DA:255,0
DA:256,0
DA:263,0
DA:264,0
DA:270,0
DA:273,0
DA:275,0
DA:284,3
DA:285,3
DA:287,2
DA:288,2
LF:66
LH:50
BRDA:47,0,0,1
BRDA:47,0,1,2
BRDA:47,1,0,3
BRDA:47,1,1,1
BRDA:49,2,0,2
BRDA:49,2,1,0
BRDA:62,3,0,1
BRDA:62,3,1,1
BRDA:83,4,0,1
BRDA:83,4,1,1
BRDA:101,5,0,0
BRDA:101,5,1,1
BRDA:124,6,0,2
BRDA:124,6,1,1
BRDA:124,7,0,3
BRDA:124,7,1,2
BRDA:140,8,0,1
BRDA:140,8,1,0
BRDA:145,9,0,1
BRDA:145,9,1,0
BRDA:149,10,0,0
BRDA:149,10,1,1
BRDA:160,11,0,1
BRDA:160,11,1,0
BRDA:164,12,0,1
BRDA:164,12,1,0
BRDA:172,13,0,1
BRDA:172,13,1,1
BRDA:172,14,0,2
BRDA:172,14,1,1
BRDA:183,15,0,1
BRDA:183,15,1,0
BRDA:189,16,0,0
BRDA:189,16,1,1
BRDA:199,17,0,1
BRDA:199,17,1,0
BRDA:205,18,0,1
BRDA:205,18,1,1
BRDA:208,19,0,1
BRDA:208,19,1,0
BRDA:218,20,0,1
BRDA:218,20,1,0
BRDA:222,21,0,0
BRDA:222,21,1,1
BRDA:236,22,0,0
BRDA:236,22,1,0
BRDA:236,23,0,0
BRDA:236,23,1,0
BRDA:252,24,0,0
BRDA:252,24,1,0
BRDA:256,25,0,0
BRDA:256,25,1,0
BRDA:257,26,0,0
BRDA:257,26,1,0
BRDA:257,26,2,0
BRDA:257,26,3,0
BRDA:285,27,0,1
BRDA:285,27,1,2
BRF:58
BRH:33
end_of_record
TN:
SF:src/stores/subscriptionStore.ts
FN:55,deriveFromCustomerInfo
FN:103,(anonymous_1)
FN:119,(anonymous_2)
FN:159,(anonymous_3)
FN:168,(anonymous_4)
FN:181,(anonymous_5)
FN:196,(anonymous_6)
FNF:7
FNH:7
FNDA:8,deriveFromCustomerInfo
FNDA:1,(anonymous_1)
FNDA:2,(anonymous_2)
FNDA:4,(anonymous_3)
FNDA:3,(anonymous_4)
FNDA:4,(anonymous_5)
FNDA:4,(anonymous_6)
DA:51,1
DA:62,8
DA:64,8
DA:65,4
DA:75,4
DA:76,4
DA:78,4
DA:79,4
DA:80,1
DA:81,1
DA:84,4
DA:85,4
DA:86,1
DA:87,3
DA:88,0
DA:91,4
DA:103,1
DA:120,2
DA:122,2
DA:126,2
DA:127,1
DA:128,1
DA:129,1
DA:132,1
DA:133,1
DA:136,0
DA:139,0
DA:140,0
DA:141,0
DA:145,0
DA:146,0
DA:152,1
DA:155,1
DA:160,4
DA:161,4
DA:162,3
DA:169,3
DA:170,3
DA:171,2
DA:172,1
DA:175,1
DA:182,4
DA:183,4
DA:184,4
DA:185,2
DA:186,2
DA:188,2
DA:189,2
DA:190,1
DA:192,1
DA:197,4
DA:198,4
DA:199,4
DA:200,3
DA:201,3
DA:202,3
DA:204,1
DA:205,1
LF:58
LH:51
BRDA:64,0,0,4
BRDA:64,0,1,4
BRDA:79,1,0,1
BRDA:79,1,1,3
BRDA:79,2,0,4
BRDA:79,2,1,1
BRDA:85,3,0,1
BRDA:85,3,1,3
BRDA:87,4,0,0
BRDA:87,4,1,3
BRDA:88,5,0,0
BRDA:88,5,1,0
BRDA:93,6,0,1
BRDA:93,6,1,3
BRDA:93,7,0,4
BRDA:93,7,1,1
BRDA:122,8,0,2
BRDA:122,8,1,0
BRDA:126,9,0,1
BRDA:126,9,1,1
BRDA:132,10,0,1
BRDA:132,10,1,0
BRDA:140,11,0,0
BRDA:140,11,1,0
BRDA:152,12,0,1
BRDA:152,12,1,0
BRDA:171,13,0,1
BRDA:171,13,1,1
BRDA:175,14,0,1
BRDA:175,14,1,0
BRDA:189,15,0,1
BRDA:189,15,1,1
BRF:32
BRH:23
end_of_record
TN:
SF:src/utils/constants.ts
FNF:0
FNH:0
DA:1,1
DA:2,1
DA:5,1
DA:6,1
DA:7,1
DA:8,1
DA:11,1
DA:14,1
DA:15,1
DA:18,1
DA:21,1
DA:28,1
DA:36,1
DA:56,1
DA:64,1
DA:67,1
DA:70,1
DA:78,1
DA:80,1
DA:188,1
DA:204,1
LF:21
LH:21
BRF:0
BRH:0
end_of_record
TN:
SF:src/utils/time.ts
FN:4,formatTimer
FN:10,(anonymous_1)
FN:21,formatDuration
FN:32,getRelativeTime
FN:55,getGreeting
FN:67,getTimeOfDay
FN:78,formatDate
FN:91,isToday
FN:104,getTodayDateString
FNF:9
FNH:9
FNDA:12,formatTimer
FNDA:29,(anonymous_1)
FNDA:12,formatDuration
FNDA:13,getRelativeTime
FNDA:12,getGreeting
FNDA:9,getTimeOfDay
FNDA:6,formatDate
FNDA:7,isToday
FNDA:15,getTodayDateString
DA:5,12
DA:6,12
DA:7,12
DA:8,12
DA:10,29
DA:12,12
DA:13,5
DA:15,7
DA:22,12
DA:23,8
DA:24,8
DA:25,8
DA:26,4
DA:33,13
DA:34,13
DA:35,13
DA:36,11
DA:38,11
DA:39,11
DA:40,11
DA:41,11
DA:42,11
DA:44,11
DA:45,9
DA:46,7
DA:47,5
DA:48,4
DA:49,2
DA:56,12
DA:57,12
DA:58,11
DA:59,9
DA:60,6
DA:61,3
DA:68,9
DA:69,9
DA:70,6
DA:71,4
DA:72,2
DA:79,6
DA:80,6
DA:81,5
DA:92,7
DA:93,7
DA:94,7
DA:105,15
DA:106,15
DA:107,15
DA:108,15
DA:109,15
LF:50
LH:50
BRDA:12,0,0,5
BRDA:12,0,1,7
BRDA:22,1,0,4
BRDA:22,1,1,8
BRDA:25,2,0,4
BRDA:25,2,1,4
BRDA:35,3,0,2
BRDA:35,3,1,11
BRDA:38,4,0,0
BRDA:38,4,1,11
BRDA:44,5,0,2
BRDA:44,5,1,9
BRDA:45,6,0,2
BRDA:45,6,1,7
BRDA:46,7,0,2
BRDA:46,7,1,5
BRDA:47,8,0,1
BRDA:47,8,1,4
BRDA:48,9,0,2
BRDA:48,9,1,2
BRDA:57,10,0,1
BRDA:57,10,1,11
BRDA:58,11,0,2
BRDA:58,11,1,9
BRDA:59,12,0,3
BRDA:59,12,1,6
BRDA:60,13,0,3
BRDA:60,13,1,3
BRDA:69,14,0,3
BRDA:69,14,1,6
BRDA:70,15,0,2
BRDA:70,15,1,4
BRDA:71,16,0,2
BRDA:71,16,1,2
BRDA:80,17,0,1
BRDA:80,17,1,5
BRDA:95,18,0,7
BRDA:95,18,1,5
BRDA:95,18,2,4
BRF:39
BRH:38
end_of_record
